
Installed plugins:
ace-editor 1.1
analysis-model-api 10.8.1
ant 1.13
antisamy-markup-formatter 2.6
apache-httpcomponents-client-4-api 4.5.13-1.0
authentication-tokens 1.4
authorize-project 1.4.0
bootstrap4-api 4.6.0-3
bootstrap5-api 5.1.3-4
bouncycastle-api 2.25
branch-api 2.7.0
build-timeout 1.20
caffeine-api 2.9.2-29.v717aac953ff3
checks-api 1.7.2
cloudbees-folder 6.17
command-launcher 1.6
conditional-buildstep 1.4.1
config-file-provider 3.8.2
configuration-as-code 1.55
credentials 2.6.1
credentials-binding 1.27
data-tables-api 1.11.3-6
display-url-api 2.3.5
durable-task 493.v195aefbb0ff2
echarts-api 5.2.2-2
email-ext 2.86
extended-read-permission 3.2
external-monitor-job 1.7
extra-columns 1.25
font-awesome-api 5.15.4-5
forensics-api 1.7.0
gerrit-trigger 2.35.2
ghprb 1.42.2
git 4.10.1
git-client 3.11.0
git-parameter 0.9.14
git-server 1.10
github 1.34.1
github-api 1.301-378.v9807bd746da5
github-branch-source 2.11.4
gitlab-api 1.0.6
gitlab-branch-source 1.5.9
gitlab-plugin 1.5.13
greenballs 1.15.1
h2-api 1.4.199
handlebars 3.0.8
handy-uri-templates-2-api 2.1.8-1.0
jackson2-api 2.13.1-246.va8a9f3eaf46a
javadoc 1.6
jdk-tool 1.5
jjwt-api 0.11.2-9.c8b45b8bb173
jobConfigHistory 2.31-rc1098.b666422863b2
jquery 1.12.4-1
jquery3-api 3.6.0-2
jsch 0.1.55.2
junit 1.53
kubernetes 1.31.2
kubernetes-client-api 5.11.2-182.v0f1cf4c5904e
kubernetes-credentials 0.9.0
ldap 2.7
lockable-resources 2.13
mailer 391.ve4a_38c1b_cf4b_
matrix-auth 3.0
matrix-project 1.19
maven-plugin 3.16
metrics 4.0.2.8
momentjs 1.1.1
okhttp-api 4.9.3-105.vb96869f8ac3a
pam-auth 1.6.1
parameterized-trigger 2.43
pipeline-build-step 2.15
pipeline-graph-analysis 188.v3a01e7973f2c
pipeline-input-step 427.va6441fa17010
pipeline-maven 3.10.0
pipeline-milestone-step 1.3.2
pipeline-model-api 1.9.3
pipeline-model-definition 1.9.3
pipeline-model-extensions 1.9.3
pipeline-rest-api 2.20
pipeline-stage-step 291.vf0a8a7aeeb50
pipeline-stage-tags-metadata 1.9.3
pipeline-stage-view 2.20
plain-credentials 1.7
plugin-util-api 2.12.0
popper-api 1.16.1-2
popper2-api 2.11.0-1
prism-api 1.25.0-1
promoted-builds 3.11
rebuild 1.32
resource-disposer 0.17
run-condition 1.5
scm-api 595.vd5a_df5eb_0e39
script-security 1131.v8b_b_5eda_c328e
simple-theme-plugin 0.7
snakeyaml-api 1.29.1
sonar 2.14
ssh-agent 1.23
ssh-credentials 1.19
ssh-slaves 1.33.0
sshd 3.1.0
structs 308.v852b473a2b8c
timestamper 1.15
token-macro 267.vcdaea6462991
trilead-api 1.0.13
variant 1.4
warnings-ng 9.10.2
workflow-aggregator 2.6
workflow-api 1108.v57edf648f5d4
workflow-basic-steps 2.24
workflow-cps 2648.va9433432b33c
workflow-cps-global-lib 552.vd9cc05b8a2e1
workflow-durable-task-step 1112.vda00e6febcc1
workflow-job 1145.v7f2433caa07f
workflow-multibranch 704.v8f039a_e2e8cf
workflow-scm-step 2.13
workflow-step-api 622.vb_8e7c15b_c95a_
workflow-support 804.vba10a18a1476
ws-cleanup 0.40
xvnc 1.28

Bundled plugins:

All requested plugins:
ace-editor 1.1
apache-httpcomponents-client-4-api 4.5.13-1.0
authentication-tokens 1.4
blueocean 1.25.2
blueocean-autofavorite 1.2.4
blueocean-bitbucket-pipeline 1.25.2
blueocean-commons 1.25.2
blueocean-config 1.25.2
blueocean-core-js 1.25.2
blueocean-dashboard 1.25.2
blueocean-display-url 2.4.1
blueocean-events 1.25.2
blueocean-git-pipeline 1.25.2
blueocean-github-pipeline 1.25.2
blueocean-i18n 1.25.2
blueocean-jwt 1.25.2
blueocean-personalization 1.25.2
blueocean-pipeline-api-impl 1.25.2
blueocean-pipeline-editor 1.25.2
blueocean-pipeline-scm-api 1.25.2
blueocean-rest 1.25.2
blueocean-rest-impl 1.25.2
blueocean-web 1.25.2
bootstrap4-api 4.6.0-3
bootstrap5-api 5.1.3-4
bootstraped-multi-test-results-report 2.2.1
branch-api 2.7.0
caffeine-api 2.9.2-29.v717aac953ff3
checks-api 1.7.2
cloudbees-bitbucket-branch-source 737.vdf9dc06105be
cloudbees-folder 6.17
copyartifact 1.46.2
credentials 2.6.1
credentials-binding 1.27
description-setter 1.10
display-url-api 2.3.5
durable-task 493.v195aefbb0ff2
echarts-api 5.2.2-2
envinject 2.4.0
envinject-api 1.8
extended-choice-parameter 0.82
favorite 2.3.3
font-awesome-api 5.15.4-5
git 4.10.1
git-client 3.11.0
git-server 1.10
github 1.34.1
github-api 1.301-378.v9807bd746da5
github-branch-source 2.11.4
groovy 2.4
handy-uri-templates-2-api 2.1.8-1.0
htmlpublisher 1.28
jackson2-api 2.13.1-246.va8a9f3eaf46a
jacoco 3.3.1
jenkins-design-language 1.25.2
jjwt-api 0.11.2-9.c8b45b8bb173
jquery 1.12.4-1
jquery3-api 3.6.0-2
jsch 0.1.55.2
junit 1.53
mailer 391.ve4a_38c1b_cf4b_
matrix-project 1.19
okhttp-api 4.9.3-105.vb96869f8ac3a
pipeline-build-step 2.15
pipeline-graph-analysis 188.v3a01e7973f2c
pipeline-input-step 427.va6441fa17010
pipeline-milestone-step 1.3.2
pipeline-model-api 1.9.3
pipeline-model-definition 1.9.3
pipeline-model-extensions 1.9.3
pipeline-stage-step 291.vf0a8a7aeeb50
pipeline-stage-tags-metadata 1.9.3
plain-credentials 1.7
plugin-util-api 2.12.0
popper-api 1.16.1-2
popper2-api 2.11.0-1
pubsub-light 1.16
scm-api 595.vd5a_df5eb_0e39
script-security 1131.v8b_b_5eda_c328e
snakeyaml-api 1.29.1
sse-gateway 1.24
ssh-credentials 1.19
sshd 3.1.0
structs 308.v852b473a2b8c
token-macro 267.vcdaea6462991
trilead-api 1.0.13
variant 1.4
workflow-api 1108.v57edf648f5d4
workflow-basic-steps 2.24
workflow-cps 2648.va9433432b33c
workflow-cps-global-lib 552.vd9cc05b8a2e1
workflow-durable-task-step 1112.vda00e6febcc1
workflow-job 1145.v7f2433caa07f
workflow-multibranch 706.vd43c65dec013
workflow-scm-step 2.13
workflow-step-api 622.vb_8e7c15b_c95a_
workflow-support 813.vb_d7c3d2984a_0

Plugins that will be downloaded:
blueocean 1.25.2
blueocean-autofavorite 1.2.4
blueocean-bitbucket-pipeline 1.25.2
blueocean-commons 1.25.2
blueocean-config 1.25.2
blueocean-core-js 1.25.2
blueocean-dashboard 1.25.2
blueocean-display-url 2.4.1
blueocean-events 1.25.2
blueocean-git-pipeline 1.25.2
blueocean-github-pipeline 1.25.2
blueocean-i18n 1.25.2
blueocean-jwt 1.25.2
blueocean-personalization 1.25.2
blueocean-pipeline-api-impl 1.25.2
blueocean-pipeline-editor 1.25.2
blueocean-pipeline-scm-api 1.25.2
blueocean-rest 1.25.2
blueocean-rest-impl 1.25.2
blueocean-web 1.25.2
bootstraped-multi-test-results-report 2.2.1
cloudbees-bitbucket-branch-source 737.vdf9dc06105be
copyartifact 1.46.2
description-setter 1.10
envinject 2.4.0
envinject-api 1.8
extended-choice-parameter 0.82
favorite 2.3.3
groovy 2.4
htmlpublisher 1.28
jacoco 3.3.1
jenkins-design-language 1.25.2
pubsub-light 1.16
sse-gateway 1.24
workflow-multibranch 706.vd43c65dec013
workflow-support 813.vb_d7c3d2984a_0

Resulting plugin list:
ace-editor 1.1
analysis-model-api 10.8.1
ant 1.13
antisamy-markup-formatter 2.6
apache-httpcomponents-client-4-api 4.5.13-1.0
authentication-tokens 1.4
authorize-project 1.4.0
blueocean 1.25.2
blueocean-autofavorite 1.2.4
blueocean-bitbucket-pipeline 1.25.2
blueocean-commons 1.25.2
blueocean-config 1.25.2
blueocean-core-js 1.25.2
blueocean-dashboard 1.25.2
blueocean-display-url 2.4.1
blueocean-events 1.25.2
blueocean-git-pipeline 1.25.2
blueocean-github-pipeline 1.25.2
blueocean-i18n 1.25.2
blueocean-jwt 1.25.2
blueocean-personalization 1.25.2
blueocean-pipeline-api-impl 1.25.2
blueocean-pipeline-editor 1.25.2
blueocean-pipeline-scm-api 1.25.2
blueocean-rest 1.25.2
blueocean-rest-impl 1.25.2
blueocean-web 1.25.2
bootstrap4-api 4.6.0-3
bootstrap5-api 5.1.3-4
bootstraped-multi-test-results-report 2.2.1
bouncycastle-api 2.25
branch-api 2.7.0
build-timeout 1.20
caffeine-api 2.9.2-29.v717aac953ff3
checks-api 1.7.2
cloudbees-bitbucket-branch-source 737.vdf9dc06105be
cloudbees-folder 6.17
command-launcher 1.6
conditional-buildstep 1.4.1
config-file-provider 3.8.2
configuration-as-code 1.55
copyartifact 1.46.2
credentials 2.6.1
credentials-binding 1.27
data-tables-api 1.11.3-6
description-setter 1.10
display-url-api 2.3.5
durable-task 493.v195aefbb0ff2
echarts-api 5.2.2-2
email-ext 2.86
envinject 2.4.0
envinject-api 1.8
extended-choice-parameter 0.82
extended-read-permission 3.2
external-monitor-job 1.7
extra-columns 1.25
favorite 2.3.3
font-awesome-api 5.15.4-5
forensics-api 1.7.0
gerrit-trigger 2.35.2
ghprb 1.42.2
git 4.10.1
git-client 3.11.0
git-parameter 0.9.14
git-server 1.10
github 1.34.1
github-api 1.301-378.v9807bd746da5
github-branch-source 2.11.4
gitlab-api 1.0.6
gitlab-branch-source 1.5.9
gitlab-plugin 1.5.13
greenballs 1.15.1
groovy 2.4
h2-api 1.4.199
handlebars 3.0.8
handy-uri-templates-2-api 2.1.8-1.0
htmlpublisher 1.28
jackson2-api 2.13.1-246.va8a9f3eaf46a
jacoco 3.3.1
javadoc 1.6
jdk-tool 1.5
jenkins-design-language 1.25.2
jjwt-api 0.11.2-9.c8b45b8bb173
jobConfigHistory 2.31-rc1098.b666422863b2
jquery 1.12.4-1
jquery3-api 3.6.0-2
jsch 0.1.55.2
junit 1.53
kubernetes 1.31.2
kubernetes-client-api 5.11.2-182.v0f1cf4c5904e
kubernetes-credentials 0.9.0
ldap 2.7
lockable-resources 2.13
mailer 391.ve4a_38c1b_cf4b_
matrix-auth 3.0
matrix-project 1.19
maven-plugin 3.16
metrics 4.0.2.8
momentjs 1.1.1
okhttp-api 4.9.3-105.vb96869f8ac3a
pam-auth 1.6.1
parameterized-trigger 2.43
pipeline-build-step 2.15
pipeline-graph-analysis 188.v3a01e7973f2c
pipeline-input-step 427.va6441fa17010
pipeline-maven 3.10.0
pipeline-milestone-step 1.3.2
pipeline-model-api 1.9.3
pipeline-model-definition 1.9.3
pipeline-model-extensions 1.9.3
pipeline-rest-api 2.20
pipeline-stage-step 291.vf0a8a7aeeb50
pipeline-stage-tags-metadata 1.9.3
pipeline-stage-view 2.20
plain-credentials 1.7
plugin-util-api 2.12.0
popper-api 1.16.1-2
popper2-api 2.11.0-1
prism-api 1.25.0-1
promoted-builds 3.11
pubsub-light 1.16
rebuild 1.32
resource-disposer 0.17
run-condition 1.5
scm-api 595.vd5a_df5eb_0e39
script-security 1131.v8b_b_5eda_c328e
simple-theme-plugin 0.7
snakeyaml-api 1.29.1
sonar 2.14
sse-gateway 1.24
ssh-agent 1.23
ssh-credentials 1.19
ssh-slaves 1.33.0
sshd 3.1.0
structs 308.v852b473a2b8c
timestamper 1.15
token-macro 267.vcdaea6462991
trilead-api 1.0.13
variant 1.4
warnings-ng 9.10.2
workflow-aggregator 2.6
workflow-api 1108.v57edf648f5d4
workflow-basic-steps 2.24
workflow-cps 2648.va9433432b33c
workflow-cps-global-lib 552.vd9cc05b8a2e1
workflow-durable-task-step 1112.vda00e6febcc1
workflow-job 1145.v7f2433caa07f
workflow-multibranch 706.vd43c65dec013
workflow-scm-step 2.13
workflow-step-api 622.vb_8e7c15b_c95a_
workflow-support 813.vb_d7c3d2984a_0
ws-cleanup 0.40
xvnc 1.28

Security warnings:
envinject (2.4.0): SECURITY-248 Exposure of sensitive build variables stored by EnvInject 1.90 and earlier https://jenkins.io/security/advisory/2018-02-26/#SECURITY-248
Done
