
Installed plugins:
ace-editor 1.1
analysis-model-api 10.2.5
ant 1.11
antisamy-markup-formatter 2.1
apache-httpcomponents-client-4-api 4.5.13-1.0
authentication-tokens 1.4
authorize-project 1.4.0
bootstrap4-api 4.6.0-3
bouncycastle-api 2.20
branch-api 2.6.2
build-timeout 1.20
caffeine-api 2.9.1-23.v51c4e2c879c8
checks-api 1.7.0
cloudbees-folder 6.15
command-launcher 1.6
conditional-buildstep 1.4.1
config-file-provider 3.8.0
configuration-as-code 1.51
credentials 2.4.1
credentials-binding 1.24
data-tables-api 1.10.23-3
display-url-api 2.3.5
durable-task 1.36
echarts-api 5.1.0-2
email-ext 2.83
extended-read-permission 3.2
external-monitor-job 1.7
extra-columns 1.23
font-awesome-api 5.15.3-2
forensics-api 1.0.0
gerrit-trigger 2.34.0
ghprb 1.42.2
git 4.7.1
git-client 3.7.1
git-parameter 0.9.13
git-server 1.9
github 1.33.1
github-api 1.123
github-branch-source 2.9.9
gitlab-api 1.0.6
gitlab-branch-source 1.5.4
gitlab-plugin 1.5.13
greenballs 1.15.1
h2-api 1.4.199
handlebars 3.0.8
handy-uri-templates-2-api 2.1.8-1.0
jackson2-api 2.12.3
javadoc 1.6
jdk-tool 1.5
jjwt-api 0.11.2-9.c8b45b8bb173
jobConfigHistory 2.27
jquery 1.12.4-1
jquery3-api 3.6.0-1
jsch 0.1.55.2
junit 1.49
kubernetes 1.25.7
kubernetes-client-api 4.13.3-1
kubernetes-credentials 0.9.0
ldap 1.26
lockable-resources 2.10
mailer 1.34
matrix-auth 2.6.7
matrix-project 1.18
maven-plugin 3.8
momentjs 1.1.1
okhttp-api 3.14.9
pam-auth 1.6
parameterized-trigger 2.39
pipeline-build-step 2.13
pipeline-graph-analysis 1.10
pipeline-input-step 2.12
pipeline-maven 3.10.0
pipeline-milestone-step 1.3.2
pipeline-model-api 1.8.4
pipeline-model-definition 1.8.4
pipeline-model-extensions 1.8.4
pipeline-rest-api 2.19
pipeline-stage-step 2.5
pipeline-stage-tags-metadata 1.8.4
pipeline-stage-view 2.19
plain-credentials 1.7
plugin-util-api 2.2.0
popper-api 1.16.1-2
promoted-builds 3.10
rebuild 1.32
resource-disposer 0.15
run-condition 1.5
scm-api 2.6.4
script-security 1.77
simple-theme-plugin 0.6
snakeyaml-api 1.27.0
sonar 2.13.1
ssh-agent 1.22
ssh-credentials 1.18.1
ssh-slaves 1.31.5
structs 1.23
timestamper 1.13
token-macro 2.13
trilead-api 1.0.13
variant 1.4
warnings-ng 9.1.0
workflow-aggregator 2.6
workflow-api 2.42
workflow-basic-steps 2.23
workflow-cps 2.92
workflow-cps-global-lib 2.19
workflow-durable-task-step 2.39
workflow-job 2.40
workflow-multibranch 2.24
workflow-scm-step 2.12
workflow-step-api 2.23
workflow-support 3.8
ws-cleanup 0.39
xvnc 1.25

Bundled plugins:

All requested plugins:
ace-editor 1.1
apache-httpcomponents-client-4-api 4.5.13-1.0
authentication-tokens 1.4
blueocean 1.24.7
blueocean-autofavorite 1.2.4
blueocean-bitbucket-pipeline 1.24.7
blueocean-commons 1.24.7
blueocean-config 1.24.7
blueocean-core-js 1.24.7
blueocean-dashboard 1.24.7
blueocean-display-url 2.4.1
blueocean-events 1.24.7
blueocean-git-pipeline 1.24.7
blueocean-github-pipeline 1.24.7
blueocean-i18n 1.24.7
blueocean-jwt 1.24.7
blueocean-personalization 1.24.7
blueocean-pipeline-api-impl 1.24.7
blueocean-pipeline-editor 1.24.7
blueocean-pipeline-scm-api 1.24.7
blueocean-rest 1.24.7
blueocean-rest-impl 1.24.7
blueocean-web 1.24.7
bootstrap4-api 4.6.0-3
branch-api 2.6.2
caffeine-api 2.9.1-23.v51c4e2c879c8
checks-api 1.7.0
cloudbees-bitbucket-branch-source 2.9.9
cloudbees-folder 6.15
code-coverage-api 1.3.2
copyartifact 1.46
credentials 2.4.1
credentials-binding 1.24
display-url-api 2.3.5
durable-task 1.36
echarts-api 5.1.0-2
embeddable-build-status 2.0.3
favorite 2.3.2
font-awesome-api 5.15.3-2
git 4.7.1
git-client 3.7.1
git-server 1.9
github 1.33.1
github-api 1.123
github-branch-source 2.9.9
handy-uri-templates-2-api 2.1.8-1.0
htmlpublisher 1.25
jackson2-api 2.12.3
jenkins-design-language 1.24.7
jjwt-api 0.11.2-9.c8b45b8bb173
jquery3-api 3.6.0-1
jsch 0.1.55.2
junit 1.49
mailer 1.34
matrix-project 1.18
okhttp-api 3.14.9
pipeline-build-step 2.13
pipeline-graph-analysis 1.10
pipeline-input-step 2.12
pipeline-milestone-step 1.3.2
pipeline-model-api 1.8.4
pipeline-model-definition 1.8.4
pipeline-model-extensions 1.8.4
pipeline-stage-step 2.5
pipeline-stage-tags-metadata 1.8.4
plain-credentials 1.7
plugin-util-api 2.2.0
popper-api 1.16.1-2
pubsub-light 1.13
scm-api 2.6.4
script-security 1.77
snakeyaml-api 1.27.0
sse-gateway 1.24
ssh-credentials 1.18.1
structs 1.23
token-macro 2.13
trilead-api 1.0.13
variant 1.4
workflow-api 2.42
workflow-basic-steps 2.23
workflow-cps 2.92
workflow-cps-global-lib 2.19
workflow-durable-task-step 2.39
workflow-job 2.40
workflow-multibranch 2.24
workflow-scm-step 2.12
workflow-step-api 2.23
workflow-support 3.8

Plugins that will be downloaded:
blueocean 1.24.7
blueocean-autofavorite 1.2.4
blueocean-bitbucket-pipeline 1.24.7
blueocean-commons 1.24.7
blueocean-config 1.24.7
blueocean-core-js 1.24.7
blueocean-dashboard 1.24.7
blueocean-display-url 2.4.1
blueocean-events 1.24.7
blueocean-git-pipeline 1.24.7
blueocean-github-pipeline 1.24.7
blueocean-i18n 1.24.7
blueocean-jwt 1.24.7
blueocean-personalization 1.24.7
blueocean-pipeline-api-impl 1.24.7
blueocean-pipeline-editor 1.24.7
blueocean-pipeline-scm-api 1.24.7
blueocean-rest 1.24.7
blueocean-rest-impl 1.24.7
blueocean-web 1.24.7
cloudbees-bitbucket-branch-source 2.9.9
code-coverage-api 1.3.2
copyartifact 1.46
embeddable-build-status 2.0.3
favorite 2.3.2
htmlpublisher 1.25
jenkins-design-language 1.24.7
pubsub-light 1.13
sse-gateway 1.24

Resulting plugin list:
ace-editor 1.1
analysis-model-api 10.2.5
ant 1.11
antisamy-markup-formatter 2.1
apache-httpcomponents-client-4-api 4.5.13-1.0
authentication-tokens 1.4
authorize-project 1.4.0
blueocean 1.24.7
blueocean-autofavorite 1.2.4
blueocean-bitbucket-pipeline 1.24.7
blueocean-commons 1.24.7
blueocean-config 1.24.7
blueocean-core-js 1.24.7
blueocean-dashboard 1.24.7
blueocean-display-url 2.4.1
blueocean-events 1.24.7
blueocean-git-pipeline 1.24.7
blueocean-github-pipeline 1.24.7
blueocean-i18n 1.24.7
blueocean-jwt 1.24.7
blueocean-personalization 1.24.7
blueocean-pipeline-api-impl 1.24.7
blueocean-pipeline-editor 1.24.7
blueocean-pipeline-scm-api 1.24.7
blueocean-rest 1.24.7
blueocean-rest-impl 1.24.7
blueocean-web 1.24.7
bootstrap4-api 4.6.0-3
bouncycastle-api 2.20
branch-api 2.6.2
build-timeout 1.20
caffeine-api 2.9.1-23.v51c4e2c879c8
checks-api 1.7.0
cloudbees-bitbucket-branch-source 2.9.9
cloudbees-folder 6.15
code-coverage-api 1.3.2
command-launcher 1.6
conditional-buildstep 1.4.1
config-file-provider 3.8.0
configuration-as-code 1.51
copyartifact 1.46
credentials 2.4.1
credentials-binding 1.24
data-tables-api 1.10.23-3
display-url-api 2.3.5
durable-task 1.36
echarts-api 5.1.0-2
email-ext 2.83
embeddable-build-status 2.0.3
extended-read-permission 3.2
external-monitor-job 1.7
extra-columns 1.23
favorite 2.3.2
font-awesome-api 5.15.3-2
forensics-api 1.0.0
gerrit-trigger 2.34.0
ghprb 1.42.2
git 4.7.1
git-client 3.7.1
git-parameter 0.9.13
git-server 1.9
github 1.33.1
github-api 1.123
github-branch-source 2.9.9
gitlab-api 1.0.6
gitlab-branch-source 1.5.4
gitlab-plugin 1.5.13
greenballs 1.15.1
h2-api 1.4.199
handlebars 3.0.8
handy-uri-templates-2-api 2.1.8-1.0
htmlpublisher 1.25
jackson2-api 2.12.3
javadoc 1.6
jdk-tool 1.5
jenkins-design-language 1.24.7
jjwt-api 0.11.2-9.c8b45b8bb173
jobConfigHistory 2.27
jquery 1.12.4-1
jquery3-api 3.6.0-1
jsch 0.1.55.2
junit 1.49
kubernetes 1.25.7
kubernetes-client-api 4.13.3-1
kubernetes-credentials 0.9.0
ldap 1.26
lockable-resources 2.10
mailer 1.34
matrix-auth 2.6.7
matrix-project 1.18
maven-plugin 3.8
momentjs 1.1.1
okhttp-api 3.14.9
pam-auth 1.6
parameterized-trigger 2.39
pipeline-build-step 2.13
pipeline-graph-analysis 1.10
pipeline-input-step 2.12
pipeline-maven 3.10.0
pipeline-milestone-step 1.3.2
pipeline-model-api 1.8.4
pipeline-model-definition 1.8.4
pipeline-model-extensions 1.8.4
pipeline-rest-api 2.19
pipeline-stage-step 2.5
pipeline-stage-tags-metadata 1.8.4
pipeline-stage-view 2.19
plain-credentials 1.7
plugin-util-api 2.2.0
popper-api 1.16.1-2
promoted-builds 3.10
pubsub-light 1.13
rebuild 1.32
resource-disposer 0.15
run-condition 1.5
scm-api 2.6.4
script-security 1.77
simple-theme-plugin 0.6
snakeyaml-api 1.27.0
sonar 2.13.1
sse-gateway 1.24
ssh-agent 1.22
ssh-credentials 1.18.1
ssh-slaves 1.31.5
structs 1.23
timestamper 1.13
token-macro 2.13
trilead-api 1.0.13
variant 1.4
warnings-ng 9.1.0
workflow-aggregator 2.6
workflow-api 2.42
workflow-basic-steps 2.23
workflow-cps 2.92
workflow-cps-global-lib 2.19
workflow-durable-task-step 2.39
workflow-job 2.40
workflow-multibranch 2.24
workflow-scm-step 2.12
workflow-step-api 2.23
workflow-support 3.8
ws-cleanup 0.39
xvnc 1.25

Security warnings:
Done
