
Installed plugins:
ace-editor 1.1
analysis-model-api 10.9.1
ant 1.13
antisamy-markup-formatter 2.7
apache-httpcomponents-client-4-api 4.5.13-1.0
authentication-tokens 1.4
authorize-project 1.4.0
bootstrap4-api 4.6.0-3
bootstrap5-api 5.1.3-4
bouncycastle-api 2.25
branch-api 2.7.0
build-timeout 1.20
caffeine-api 2.9.2-29.v717aac953ff3
checks-api 1.7.2
cloudbees-folder 6.17
command-launcher 1.6
conditional-buildstep 1.4.1
config-file-provider 3.9.0
configuration-as-code 1346.ve8cfa_3473c94
credentials 1074.v60e6c29b_b_44b_
credentials-binding 1.27.1
data-tables-api 1.11.3-6
display-url-api 2.3.5
durable-task 493.v195aefbb0ff2
echarts-api 5.2.2-2
email-ext 2.87
extended-read-permission 3.2
external-monitor-job 191.v363d0d1efdf8
extra-columns 1.25
font-awesome-api 5.15.4-5
forensics-api 1.7.0
gerrit-trigger 2.35.2
ghprb 1.42.2
git 4.10.3
git-client 3.11.0
git-parameter 0.9.15
git-server 1.10
github 1.34.1
github-api 1.301-378.v9807bd746da5
github-branch-source 2.11.4
gitlab-api 1.0.6
gitlab-branch-source 1.5.9
gitlab-plugin 1.5.13
greenballs 1.15.1
h2-api 1.4.199
handlebars 3.0.8
handy-uri-templates-2-api 2.1.8-1.0
jackson2-api 2.13.1-246.va8a9f3eaf46a
javadoc 1.6
javax-activation-api 1.2.0-2
javax-mail-api 1.6.2-5
jdk-tool 1.5
jjwt-api 0.11.2-9.c8b45b8bb173
jnr-posix-api 3.1.7-1
jobConfigHistory 2.31-rc1107.2354f08725a_8
jquery 1.12.4-1
jquery3-api 3.6.0-2
jsch 0.1.55.2
junit 1.54
kubernetes 1.31.3
kubernetes-client-api 5.11.2-182.v0f1cf4c5904e
kubernetes-credentials 0.9.0
ldap 2.7
lockable-resources 2.14
mailer 408.vd726a_1130320
matrix-auth 3.0.1
matrix-project 1.20
maven-plugin 3.16
metrics 4.0.2.8.1
momentjs 1.1.1
okhttp-api 4.9.3-105.vb96869f8ac3a
pam-auth 1.7
parameterized-trigger 2.43
pipeline-build-step 2.15
pipeline-graph-analysis 188.v3a01e7973f2c
pipeline-input-step 446.vf27b_0b_83500e
pipeline-maven 3.10.0
pipeline-milestone-step 1.3.2
pipeline-model-api 1.9.3
pipeline-model-definition 1.9.3
pipeline-model-extensions 1.9.3
pipeline-rest-api 2.21
pipeline-stage-step 291.vf0a8a7aeeb50
pipeline-stage-tags-metadata 1.9.3
pipeline-stage-view 2.21
plain-credentials 1.8
plugin-util-api 2.13.0
popper-api 1.16.1-2
popper2-api 2.11.2-1
prism-api 1.25.0-2
promoted-builds 3.11
rebuild 1.33
resource-disposer 0.17
run-condition 1.5
scm-api 595.vd5a_df5eb_0e39
script-security 1131.v8b_b_5eda_c328e
simple-theme-plugin 0.7
snakeyaml-api 1.29.1
sonar 2.14
ssh-agent 1.24.1
ssh-credentials 1.19
ssh-slaves 1.33.0
sshd 3.1.0
structs 308.v852b473a2b8c
timestamper 1.17
token-macro 267.vcdaea6462991
trilead-api 1.0.13
variant 1.4
warnings-ng 9.11.0
workflow-aggregator 2.6
workflow-api 1136.v7f5f1759dc16
workflow-basic-steps 2.24
workflow-cps 2648.va9433432b33c
workflow-cps-global-lib 552.vd9cc05b8a2e1
workflow-durable-task-step 1121.va_65b_d2701486
workflow-job 1145.v7f2433caa07f
workflow-multibranch 706.vd43c65dec013
workflow-scm-step 2.13
workflow-step-api 622.vb_8e7c15b_c95a_
workflow-support 813.vb_d7c3d2984a_0
ws-cleanup 0.40
xvnc 1.28

Bundled plugins:

All requested plugins:
bootstrap4-api 4.6.0-3
bootstrap5-api 5.1.3-4
caffeine-api 2.9.2-29.v717aac953ff3
checks-api 1.7.2
dashboard-view 2.18
display-url-api 2.3.5
echarts-api 5.2.2-2
font-awesome-api 5.15.4-5
jackson2-api 2.13.1-246.va8a9f3eaf46a
jquery3-api 3.6.0-2
junit 1.54
matrix-project 1.20
plugin-util-api 2.13.0
popper-api 1.16.1-2
popper2-api 2.11.2-1
scm-api 595.vd5a_df5eb_0e39
script-security 1131.v8b_b_5eda_c328e
snakeyaml-api 1.29.1
structs 308.v852b473a2b8c
workflow-api 1136.v7f5f1759dc16
workflow-step-api 622.vb_8e7c15b_c95a_
workflow-support 813.vb_d7c3d2984a_0
zentimestamp 4.2

Plugins that will be downloaded:
dashboard-view 2.18
zentimestamp 4.2

Resulting plugin list:
ace-editor 1.1
analysis-model-api 10.9.1
ant 1.13
antisamy-markup-formatter 2.7
apache-httpcomponents-client-4-api 4.5.13-1.0
authentication-tokens 1.4
authorize-project 1.4.0
bootstrap4-api 4.6.0-3
bootstrap5-api 5.1.3-4
bouncycastle-api 2.25
branch-api 2.7.0
build-timeout 1.20
caffeine-api 2.9.2-29.v717aac953ff3
checks-api 1.7.2
cloudbees-folder 6.17
command-launcher 1.6
conditional-buildstep 1.4.1
config-file-provider 3.9.0
configuration-as-code 1346.ve8cfa_3473c94
credentials 1074.v60e6c29b_b_44b_
credentials-binding 1.27.1
dashboard-view 2.18
data-tables-api 1.11.3-6
display-url-api 2.3.5
durable-task 493.v195aefbb0ff2
echarts-api 5.2.2-2
email-ext 2.87
extended-read-permission 3.2
external-monitor-job 191.v363d0d1efdf8
extra-columns 1.25
font-awesome-api 5.15.4-5
forensics-api 1.7.0
gerrit-trigger 2.35.2
ghprb 1.42.2
git 4.10.3
git-client 3.11.0
git-parameter 0.9.15
git-server 1.10
github 1.34.1
github-api 1.301-378.v9807bd746da5
github-branch-source 2.11.4
gitlab-api 1.0.6
gitlab-branch-source 1.5.9
gitlab-plugin 1.5.13
greenballs 1.15.1
h2-api 1.4.199
handlebars 3.0.8
handy-uri-templates-2-api 2.1.8-1.0
jackson2-api 2.13.1-246.va8a9f3eaf46a
javadoc 1.6
javax-activation-api 1.2.0-2
javax-mail-api 1.6.2-5
jdk-tool 1.5
jjwt-api 0.11.2-9.c8b45b8bb173
jnr-posix-api 3.1.7-1
jobConfigHistory 2.31-rc1107.2354f08725a_8
jquery 1.12.4-1
jquery3-api 3.6.0-2
jsch 0.1.55.2
junit 1.54
kubernetes 1.31.3
kubernetes-client-api 5.11.2-182.v0f1cf4c5904e
kubernetes-credentials 0.9.0
ldap 2.7
lockable-resources 2.14
mailer 408.vd726a_1130320
matrix-auth 3.0.1
matrix-project 1.20
maven-plugin 3.16
metrics 4.0.2.8.1
momentjs 1.1.1
okhttp-api 4.9.3-105.vb96869f8ac3a
pam-auth 1.7
parameterized-trigger 2.43
pipeline-build-step 2.15
pipeline-graph-analysis 188.v3a01e7973f2c
pipeline-input-step 446.vf27b_0b_83500e
pipeline-maven 3.10.0
pipeline-milestone-step 1.3.2
pipeline-model-api 1.9.3
pipeline-model-definition 1.9.3
pipeline-model-extensions 1.9.3
pipeline-rest-api 2.21
pipeline-stage-step 291.vf0a8a7aeeb50
pipeline-stage-tags-metadata 1.9.3
pipeline-stage-view 2.21
plain-credentials 1.8
plugin-util-api 2.13.0
popper-api 1.16.1-2
popper2-api 2.11.2-1
prism-api 1.25.0-2
promoted-builds 3.11
rebuild 1.33
resource-disposer 0.17
run-condition 1.5
scm-api 595.vd5a_df5eb_0e39
script-security 1131.v8b_b_5eda_c328e
simple-theme-plugin 0.7
snakeyaml-api 1.29.1
sonar 2.14
ssh-agent 1.24.1
ssh-credentials 1.19
ssh-slaves 1.33.0
sshd 3.1.0
structs 308.v852b473a2b8c
timestamper 1.17
token-macro 267.vcdaea6462991
trilead-api 1.0.13
variant 1.4
warnings-ng 9.11.0
workflow-aggregator 2.6
workflow-api 1136.v7f5f1759dc16
workflow-basic-steps 2.24
workflow-cps 2648.va9433432b33c
workflow-cps-global-lib 552.vd9cc05b8a2e1
workflow-durable-task-step 1121.va_65b_d2701486
workflow-job 1145.v7f2433caa07f
workflow-multibranch 706.vd43c65dec013
workflow-scm-step 2.13
workflow-step-api 622.vb_8e7c15b_c95a_
workflow-support 813.vb_d7c3d2984a_0
ws-cleanup 0.40
xvnc 1.28
zentimestamp 4.2

Security warnings:
Done
