
Installed plugins:
ace-editor 1.1
analysis-model-api 10.8.1
ant 1.13
antisamy-markup-formatter 2.5
apache-httpcomponents-client-4-api 4.5.13-1.0
authentication-tokens 1.4
authorize-project 1.4.0
bootstrap4-api 4.6.0-3
bootstrap5-api 5.1.3-3
bouncycastle-api 2.25
branch-api 2.7.0
build-timeout 1.20
caffeine-api 2.9.2-29.v717aac953ff3
checks-api 1.7.2
cloudbees-folder 6.16
command-launcher 1.6
conditional-buildstep 1.4.1
config-file-provider 3.8.2
configuration-as-code 1.55
credentials 2.6.1
credentials-binding 1.27
data-tables-api 1.11.3-4
display-url-api 2.3.5
durable-task 493.v195aefbb0ff2
echarts-api 5.2.2-1
email-ext 2.85
extended-read-permission 3.2
external-monitor-job 1.7
extra-columns 1.24
font-awesome-api 5.15.4-4
forensics-api 1.7.0
gerrit-trigger 2.35.2
ghprb 1.42.2
git 4.10.0
git-client 3.10.0
git-parameter 0.9.13
git-server 1.10
github 1.34.1
github-api 1.301-378.v9807bd746da5
github-branch-source 2.11.3
gitlab-api 1.0.6
gitlab-branch-source 1.5.9
gitlab-plugin 1.5.13
greenballs 1.15.1
h2-api 1.4.199
handlebars 3.0.8
handy-uri-templates-2-api 2.1.8-1.0
jackson2-api 2.13.0-230.v59243c64b0a5
javadoc 1.6
jdk-tool 1.5
jjwt-api 0.11.2-9.c8b45b8bb173
jobConfigHistory 2.28.1
jquery 1.12.4-1
jquery3-api 3.6.0-2
jsch 0.1.55.2
junit 1.53
kubernetes 1.30.11
kubernetes-client-api 5.4.1
kubernetes-credentials 0.9.0
ldap 2.7
lockable-resources 2.12
mailer 1.34
matrix-auth 2.6.9
matrix-project 1.19
maven-plugin 3.15.1
metrics 4.0.2.8
momentjs 1.1.1
okhttp-api 4.9.3-105.vb96869f8ac3a
pam-auth 1.6.1
parameterized-trigger 2.42
pipeline-build-step 2.15
pipeline-graph-analysis 1.12
pipeline-input-step 2.12
pipeline-maven 3.10.0
pipeline-milestone-step 1.3.2
pipeline-model-api 1.9.3
pipeline-model-definition 1.9.3
pipeline-model-extensions 1.9.3
pipeline-rest-api 2.19
pipeline-stage-step 2.5
pipeline-stage-tags-metadata 1.9.3
pipeline-stage-view 2.19
plain-credentials 1.7
plugin-util-api 2.6.0
popper-api 1.16.1-2
popper2-api 2.10.2-1
prism-api 1.25.0-1
promoted-builds 3.11
rebuild 1.32
resource-disposer 0.16
run-condition 1.5
scm-api 2.6.5
script-security 1.78
simple-theme-plugin 0.7
snakeyaml-api 1.29.1
sonar 2.14
ssh-agent 1.23
ssh-credentials 1.19
ssh-slaves 1.33.0
sshd 3.1.0
structs 308.v852b473a2b8c
timestamper 1.15
token-macro 267.vcdaea6462991
trilead-api 1.0.13
variant 1.4
warnings-ng 9.10.0
workflow-aggregator 2.6
workflow-api 2.47
workflow-basic-steps 2.24
workflow-cps 2640.v00e79c8113de
workflow-cps-global-lib 548.v9085a486966a
workflow-durable-task-step 1101.vf832bc1ac745
workflow-job 2.42
workflow-multibranch 2.26
workflow-scm-step 2.13
workflow-step-api 2.24
workflow-support 3.8
ws-cleanup 0.39
xvnc 1.28

Bundled plugins:

All requested plugins:
apache-httpcomponents-client-4-api 4.5.13-1.0
bootstrap4-api 4.6.0-3
bootstrap5-api 5.1.3-3
caffeine-api 2.9.2-29.v717aac953ff3
checks-api 1.7.2
credentials 2.6.1
display-url-api 2.3.5
echarts-api 5.2.2-1
embeddable-build-status 2.0.3
font-awesome-api 5.15.4-4
jackson2-api 2.13.0-230.v59243c64b0a5
javadoc 1.6
jquery3-api 3.6.0-2
jsch 0.1.55.2
junit 1.53
mail-watcher-plugin 1.16
mailer 1.34
maven-plugin 3.15.1
pipeline-utility-steps 2.11.0
plugin-util-api 2.6.0
popper-api 1.16.1-2
popper2-api 2.10.2-1
scm-api 2.6.5
script-security 1.78
snakeyaml-api 1.29.1
ssh-credentials 1.19
structs 308.v852b473a2b8c
trilead-api 1.0.13
workflow-api 1105.v3de5e2efac97
workflow-step-api 613.v375732a042b1
workflow-support 3.8

Plugins that will be downloaded:
embeddable-build-status 2.0.3
mail-watcher-plugin 1.16
pipeline-utility-steps 2.11.0
workflow-api 1105.v3de5e2efac97
workflow-step-api 613.v375732a042b1

Resulting plugin list:
ace-editor 1.1
analysis-model-api 10.8.1
ant 1.13
antisamy-markup-formatter 2.5
apache-httpcomponents-client-4-api 4.5.13-1.0
authentication-tokens 1.4
authorize-project 1.4.0
bootstrap4-api 4.6.0-3
bootstrap5-api 5.1.3-3
bouncycastle-api 2.25
branch-api 2.7.0
build-timeout 1.20
caffeine-api 2.9.2-29.v717aac953ff3
checks-api 1.7.2
cloudbees-folder 6.16
command-launcher 1.6
conditional-buildstep 1.4.1
config-file-provider 3.8.2
configuration-as-code 1.55
credentials 2.6.1
credentials-binding 1.27
data-tables-api 1.11.3-4
display-url-api 2.3.5
durable-task 493.v195aefbb0ff2
echarts-api 5.2.2-1
email-ext 2.85
embeddable-build-status 2.0.3
extended-read-permission 3.2
external-monitor-job 1.7
extra-columns 1.24
font-awesome-api 5.15.4-4
forensics-api 1.7.0
gerrit-trigger 2.35.2
ghprb 1.42.2
git 4.10.0
git-client 3.10.0
git-parameter 0.9.13
git-server 1.10
github 1.34.1
github-api 1.301-378.v9807bd746da5
github-branch-source 2.11.3
gitlab-api 1.0.6
gitlab-branch-source 1.5.9
gitlab-plugin 1.5.13
greenballs 1.15.1
h2-api 1.4.199
handlebars 3.0.8
handy-uri-templates-2-api 2.1.8-1.0
jackson2-api 2.13.0-230.v59243c64b0a5
javadoc 1.6
jdk-tool 1.5
jjwt-api 0.11.2-9.c8b45b8bb173
jobConfigHistory 2.28.1
jquery 1.12.4-1
jquery3-api 3.6.0-2
jsch 0.1.55.2
junit 1.53
kubernetes 1.30.11
kubernetes-client-api 5.4.1
kubernetes-credentials 0.9.0
ldap 2.7
lockable-resources 2.12
mail-watcher-plugin 1.16
mailer 1.34
matrix-auth 2.6.9
matrix-project 1.19
maven-plugin 3.15.1
metrics 4.0.2.8
momentjs 1.1.1
okhttp-api 4.9.3-105.vb96869f8ac3a
pam-auth 1.6.1
parameterized-trigger 2.42
pipeline-build-step 2.15
pipeline-graph-analysis 1.12
pipeline-input-step 2.12
pipeline-maven 3.10.0
pipeline-milestone-step 1.3.2
pipeline-model-api 1.9.3
pipeline-model-definition 1.9.3
pipeline-model-extensions 1.9.3
pipeline-rest-api 2.19
pipeline-stage-step 2.5
pipeline-stage-tags-metadata 1.9.3
pipeline-stage-view 2.19
pipeline-utility-steps 2.11.0
plain-credentials 1.7
plugin-util-api 2.6.0
popper-api 1.16.1-2
popper2-api 2.10.2-1
prism-api 1.25.0-1
promoted-builds 3.11
rebuild 1.32
resource-disposer 0.16
run-condition 1.5
scm-api 2.6.5
script-security 1.78
simple-theme-plugin 0.7
snakeyaml-api 1.29.1
sonar 2.14
ssh-agent 1.23
ssh-credentials 1.19
ssh-slaves 1.33.0
sshd 3.1.0
structs 308.v852b473a2b8c
timestamper 1.15
token-macro 267.vcdaea6462991
trilead-api 1.0.13
variant 1.4
warnings-ng 9.10.0
workflow-aggregator 2.6
workflow-api 1105.v3de5e2efac97
workflow-basic-steps 2.24
workflow-cps 2640.v00e79c8113de
workflow-cps-global-lib 548.v9085a486966a
workflow-durable-task-step 1101.vf832bc1ac745
workflow-job 2.42
workflow-multibranch 2.26
workflow-scm-step 2.13
workflow-step-api 613.v375732a042b1
workflow-support 3.8
ws-cleanup 0.39
xvnc 1.28

Security warnings:
Done
