
Installed plugins:
ace-editor 1.1
analysis-model-api 10.10.1
ant 475.vf34069fef73c
antisamy-markup-formatter 2.7
apache-httpcomponents-client-4-api 4.5.13-1.0
authentication-tokens 1.4
authorize-project 1.4.0
bootstrap5-api 5.1.3-7
bouncycastle-api 2.26
branch-api 2.1046.v0ca_37783ecc5
build-timeout 1.21
caffeine-api 2.9.3-65.v6a_47d0f4d1fe
checks-api 1.7.4
cloudbees-folder 6.722.v8165b_a_cf25e9
command-launcher 84.v4a_97f2027398
config-file-provider 3.10.0
configuration-as-code 1429.v09b_044a_c93de
credentials 1087.1089.v2f1b_9a_b_040e4
credentials-binding 523.vd859a_4b_122e6
data-tables-api 1.11.4-4
display-url-api 2.3.6
durable-task 496.va67c6f9eefa7
echarts-api 5.3.2-2
email-ext 2.88
extended-read-permission 3.2
external-monitor-job 191.v363d0d1efdf8
extra-columns 1.25
font-awesome-api 6.1.1-1
forensics-api 1.13.0
gerrit-trigger 2.36.0
ghprb 1.42.2
git 4.11.3
git-client 3.11.0
git-parameter 0.9.16
github 1.34.3
github-api 1.303-400.v35c2d8258028
github-branch-source 1637.vd833b_7ca_7654
gitlab-api 5.0.1-72.vb_8c272862e86
gitlab-branch-source 625.v85cf3a_400cfe
gitlab-plugin 1.5.33
greenballs 1.15.1
h2-api 1.4.199
handlebars 3.0.8
handy-uri-templates-2-api 2.1.8-22.v77d5b_75e6953
jackson2-api 2.13.3-285.vc03c0256d517
javax-activation-api 1.2.0-3
javax-mail-api 1.6.2-6
jaxb 2.3.6-1
jdk-tool 1.5
jersey2-api 2.35-8
jjwt-api 0.11.2-71.v2722b_b_06a_2a_f
jobConfigHistory 1139.v888b_656ca_f6d
jquery 1.12.4-1
jquery3-api 3.6.0-4
jsch 0.1.55.2
junit 1.63
kubernetes 3580.v78271e5631dc
kubernetes-client-api 5.12.2-193.v26a_6078f65a_9
kubernetes-credentials 0.9.0
ldap 2.10
mailer 414.vcc4c33714601
matrix-auth 3.1.2
matrix-project 771.v574584b_39e60
metrics 4.1.6.2
momentjs 1.1.1
okhttp-api 4.9.3-105.vb96869f8ac3a
pam-auth 1.8
parameterized-trigger 2.44
pipeline-build-step 2.18
pipeline-graph-analysis 195.v5812d95a_a_2f9
pipeline-groovy-lib 591.v3a_7f422b_d058
pipeline-input-step 448.v37cea_9a_10a_70
pipeline-maven 3.10.0
pipeline-milestone-step 101.vd572fef9d926
pipeline-model-api 2.2086.v12b_420f036e5
pipeline-model-definition 2.2086.v12b_420f036e5
pipeline-model-extensions 2.2086.v12b_420f036e5
pipeline-rest-api 2.24
pipeline-stage-step 293.v200037eefcd5
pipeline-stage-tags-metadata 2.2086.v12b_420f036e5
pipeline-stage-view 2.24
plain-credentials 1.8
plugin-util-api 2.17.0
popper2-api 2.11.5-2
prism-api 1.28.0-2
promoted-builds 876.v99d29788b_36b_
rebuild 1.34
resource-disposer 0.19
scm-api 608.vfa_f971c5a_a_e9
script-security 1175.v4b_d517d6db_f0
simple-theme-plugin 103.va_161d09c38c7
snakeyaml-api 1.30.1
sonar 2.14
ssh-agent 295.v9ca_a_1c7cc3a_a_
ssh-credentials 277.v95c2fec1c047
ssh-slaves 1.814.vc82988f54b_10
structs 318.va_f3ccb_729b_71
timestamper 1.17
token-macro 293.v283932a_0a_b_49
trilead-api 1.57.v6e90e07157e1
variant 1.4
warnings-ng 9.12.0
workflow-aggregator 581.v0c46fa_697ffd
workflow-api 1153.vb_912c0e47fb_a_
workflow-basic-steps 948.v2c72a_091b_b_68
workflow-cps 2706.v71dd22b_c5a_a_2
workflow-durable-task-step 1139.v252a_e12e8463
workflow-job 1182.v60a_e6279b_579
workflow-multibranch 716.vc692a_e52371b_
workflow-scm-step 400.v6b_89a_1317c9a_
workflow-step-api 625.vd896b_f445a_f8
workflow-support 820.vd1a_6cc65ef33
ws-cleanup 0.42
xvnc 1.28

Bundled plugins:

All requested plugins:
ace-editor 1.1
apache-httpcomponents-client-4-api 4.5.13-1.0
authentication-tokens 1.4
bootstrap5-api 5.1.3-7
bouncycastle-api 2.26
branch-api 2.1046.v0ca_37783ecc5
caffeine-api 2.9.3-65.v6a_47d0f4d1fe
checks-api 1.7.4
cloudbees-folder 6.729.v2b_9d1a_74d673
credentials 1087.1089.v2f1b_9a_b_040e4
credentials-binding 523.vd859a_4b_122e6
display-url-api 2.3.6
docker-commons 1.19
docker-java-api 3.2.13-37.vf3411c9828b9
docker-plugin 1.2.9
docker-workflow 1.28
durable-task 496.va67c6f9eefa7
echarts-api 5.3.3-1
embeddable-build-status 2.0.3
envinject 2.866.v5c0403e3d4df
envinject-api 1.199.v3ce31253ed13
font-awesome-api 6.1.1-1
generic-webhook-trigger 1.84
git-client 3.11.0
gradle 1.39.1
jackson2-api 2.13.3-285.vc03c0256d517
javax-activation-api 1.2.0-3
javax-mail-api 1.6.2-6
jaxb 2.3.6-1
jquery3-api 3.6.0-4
jsch 0.1.55.2
junit 1119.va_a_5e9068da_d7
mailer 414.vcc4c33714601
matrix-project 771.v574584b_39e60
pipeline-groovy-lib 593.va_a_fc25d520e9
pipeline-input-step 448.v37cea_9a_10a_70
pipeline-model-api 2.2097.v33db_b_de764b_e
pipeline-model-definition 2.2097.v33db_b_de764b_e
pipeline-model-extensions 2.2097.v33db_b_de764b_e
pipeline-stage-step 293.v200037eefcd5
pipeline-stage-tags-metadata 2.2097.v33db_b_de764b_e
plain-credentials 1.8
plugin-util-api 2.17.0
popper2-api 2.11.5-2
scm-api 608.vfa_f971c5a_a_e9
script-security 1175.v4b_d517d6db_f0
snakeyaml-api 1.30.1
ssh-credentials 277.v95c2fec1c047
ssh-slaves 1.821.vd834f8a_c390e
structs 318.va_f3ccb_729b_71
token-macro 293.v283932a_0a_b_49
trilead-api 1.57.v6e90e07157e1
variant 1.4
workflow-api 1164.v760c223ddb_32
workflow-basic-steps 948.v2c72a_091b_b_68
workflow-cps 2725.v7b_c717eb_12ce
workflow-durable-task-step 1146.v1a_d2e603f929
workflow-job 1186.v8def1a_5f3944
workflow-multibranch 716.vc692a_e52371b_
workflow-scm-step 400.v6b_89a_1317c9a_
workflow-step-api 625.vd896b_f445a_f8
workflow-support 820.vd1a_6cc65ef33

Plugins that will be downloaded:
cloudbees-folder 6.729.v2b_9d1a_74d673
docker-commons 1.19
docker-java-api 3.2.13-37.vf3411c9828b9
docker-plugin 1.2.9
docker-workflow 1.28
echarts-api 5.3.3-1
embeddable-build-status 2.0.3
envinject 2.866.v5c0403e3d4df
envinject-api 1.199.v3ce31253ed13
generic-webhook-trigger 1.84
gradle 1.39.1
junit 1119.va_a_5e9068da_d7
pipeline-groovy-lib 593.va_a_fc25d520e9
pipeline-model-api 2.2097.v33db_b_de764b_e
pipeline-model-definition 2.2097.v33db_b_de764b_e
pipeline-model-extensions 2.2097.v33db_b_de764b_e
pipeline-stage-tags-metadata 2.2097.v33db_b_de764b_e
ssh-slaves 1.821.vd834f8a_c390e
workflow-api 1164.v760c223ddb_32
workflow-cps 2725.v7b_c717eb_12ce
workflow-durable-task-step 1146.v1a_d2e603f929
workflow-job 1186.v8def1a_5f3944

Resulting plugin list:
ace-editor 1.1
analysis-model-api 10.10.1
ant 475.vf34069fef73c
antisamy-markup-formatter 2.7
apache-httpcomponents-client-4-api 4.5.13-1.0
authentication-tokens 1.4
authorize-project 1.4.0
bootstrap5-api 5.1.3-7
bouncycastle-api 2.26
branch-api 2.1046.v0ca_37783ecc5
build-timeout 1.21
caffeine-api 2.9.3-65.v6a_47d0f4d1fe
checks-api 1.7.4
cloudbees-folder 6.729.v2b_9d1a_74d673
command-launcher 84.v4a_97f2027398
config-file-provider 3.10.0
configuration-as-code 1429.v09b_044a_c93de
credentials 1087.1089.v2f1b_9a_b_040e4
credentials-binding 523.vd859a_4b_122e6
data-tables-api 1.11.4-4
display-url-api 2.3.6
docker-commons 1.19
docker-java-api 3.2.13-37.vf3411c9828b9
docker-plugin 1.2.9
docker-workflow 1.28
durable-task 496.va67c6f9eefa7
echarts-api 5.3.3-1
email-ext 2.88
embeddable-build-status 2.0.3
envinject 2.866.v5c0403e3d4df
envinject-api 1.199.v3ce31253ed13
extended-read-permission 3.2
external-monitor-job 191.v363d0d1efdf8
extra-columns 1.25
font-awesome-api 6.1.1-1
forensics-api 1.13.0
generic-webhook-trigger 1.84
gerrit-trigger 2.36.0
ghprb 1.42.2
git 4.11.3
git-client 3.11.0
git-parameter 0.9.16
github 1.34.3
github-api 1.303-400.v35c2d8258028
github-branch-source 1637.vd833b_7ca_7654
gitlab-api 5.0.1-72.vb_8c272862e86
gitlab-branch-source 625.v85cf3a_400cfe
gitlab-plugin 1.5.33
gradle 1.39.1
greenballs 1.15.1
h2-api 1.4.199
handlebars 3.0.8
handy-uri-templates-2-api 2.1.8-22.v77d5b_75e6953
jackson2-api 2.13.3-285.vc03c0256d517
javax-activation-api 1.2.0-3
javax-mail-api 1.6.2-6
jaxb 2.3.6-1
jdk-tool 1.5
jersey2-api 2.35-8
jjwt-api 0.11.2-71.v2722b_b_06a_2a_f
jobConfigHistory 1139.v888b_656ca_f6d
jquery 1.12.4-1
jquery3-api 3.6.0-4
jsch 0.1.55.2
junit 1119.va_a_5e9068da_d7
kubernetes 3580.v78271e5631dc
kubernetes-client-api 5.12.2-193.v26a_6078f65a_9
kubernetes-credentials 0.9.0
ldap 2.10
mailer 414.vcc4c33714601
matrix-auth 3.1.2
matrix-project 771.v574584b_39e60
metrics 4.1.6.2
momentjs 1.1.1
okhttp-api 4.9.3-105.vb96869f8ac3a
pam-auth 1.8
parameterized-trigger 2.44
pipeline-build-step 2.18
pipeline-graph-analysis 195.v5812d95a_a_2f9
pipeline-groovy-lib 593.va_a_fc25d520e9
pipeline-input-step 448.v37cea_9a_10a_70
pipeline-maven 3.10.0
pipeline-milestone-step 101.vd572fef9d926
pipeline-model-api 2.2097.v33db_b_de764b_e
pipeline-model-definition 2.2097.v33db_b_de764b_e
pipeline-model-extensions 2.2097.v33db_b_de764b_e
pipeline-rest-api 2.24
pipeline-stage-step 293.v200037eefcd5
pipeline-stage-tags-metadata 2.2097.v33db_b_de764b_e
pipeline-stage-view 2.24
plain-credentials 1.8
plugin-util-api 2.17.0
popper2-api 2.11.5-2
prism-api 1.28.0-2
promoted-builds 876.v99d29788b_36b_
rebuild 1.34
resource-disposer 0.19
scm-api 608.vfa_f971c5a_a_e9
script-security 1175.v4b_d517d6db_f0
simple-theme-plugin 103.va_161d09c38c7
snakeyaml-api 1.30.1
sonar 2.14
ssh-agent 295.v9ca_a_1c7cc3a_a_
ssh-credentials 277.v95c2fec1c047
ssh-slaves 1.821.vd834f8a_c390e
structs 318.va_f3ccb_729b_71
timestamper 1.17
token-macro 293.v283932a_0a_b_49
trilead-api 1.57.v6e90e07157e1
variant 1.4
warnings-ng 9.12.0
workflow-aggregator 581.v0c46fa_697ffd
workflow-api 1164.v760c223ddb_32
workflow-basic-steps 948.v2c72a_091b_b_68
workflow-cps 2725.v7b_c717eb_12ce
workflow-durable-task-step 1146.v1a_d2e603f929
workflow-job 1186.v8def1a_5f3944
workflow-multibranch 716.vc692a_e52371b_
workflow-scm-step 400.v6b_89a_1317c9a_
workflow-step-api 625.vd896b_f445a_f8
workflow-support 820.vd1a_6cc65ef33
ws-cleanup 0.42
xvnc 1.28

Security warnings:
Done
