
Installed plugins:
ace-editor 1.1
analysis-model-api 10.8.1
ant 1.13
antisamy-markup-formatter 2.6
apache-httpcomponents-client-4-api 4.5.13-1.0
authentication-tokens 1.4
authorize-project 1.4.0
bootstrap4-api 4.6.0-3
bootstrap5-api 5.1.3-4
bouncycastle-api 2.25
branch-api 2.7.0
build-timeout 1.20
caffeine-api 2.9.2-29.v717aac953ff3
checks-api 1.7.2
cloudbees-folder 6.17
command-launcher 1.6
conditional-buildstep 1.4.1
config-file-provider 3.8.2
configuration-as-code 1.55
credentials 2.6.1
credentials-binding 1.27
data-tables-api 1.11.3-6
display-url-api 2.3.5
durable-task 493.v195aefbb0ff2
echarts-api 5.2.2-2
email-ext 2.86
extended-read-permission 3.2
external-monitor-job 1.7
extra-columns 1.25
font-awesome-api 5.15.4-5
forensics-api 1.7.0
gerrit-trigger 2.35.2
ghprb 1.42.2
git 4.10.1
git-client 3.11.0
git-parameter 0.9.14
git-server 1.10
github 1.34.1
github-api 1.301-378.v9807bd746da5
github-branch-source 2.11.4
gitlab-api 1.0.6
gitlab-branch-source 1.5.9
gitlab-plugin 1.5.13
greenballs 1.15.1
h2-api 1.4.199
handlebars 3.0.8
handy-uri-templates-2-api 2.1.8-1.0
jackson2-api 2.13.1-244.v773c36c5b330
javadoc 1.6
jdk-tool 1.5
jjwt-api 0.11.2-9.c8b45b8bb173
jobConfigHistory 2.31-rc1098.b666422863b2
jquery 1.12.4-1
jquery3-api 3.6.0-2
jsch 0.1.55.2
junit 1.53
kubernetes 1.31.2
kubernetes-client-api 5.11.1-179.v12037658df90
kubernetes-credentials 0.9.0
ldap 2.7
lockable-resources 2.13
mailer 391.ve4a_38c1b_cf4b_
matrix-auth 3.0
matrix-project 1.19
maven-plugin 3.16
metrics 4.0.2.8
momentjs 1.1.1
okhttp-api 4.9.3-105.vb96869f8ac3a
pam-auth 1.6.1
parameterized-trigger 2.43
pipeline-build-step 2.15
pipeline-graph-analysis 188.v3a01e7973f2c
pipeline-input-step 427.va6441fa17010
pipeline-maven 3.10.0
pipeline-milestone-step 1.3.2
pipeline-model-api 1.9.3
pipeline-model-definition 1.9.3
pipeline-model-extensions 1.9.3
pipeline-rest-api 2.20
pipeline-stage-step 291.vf0a8a7aeeb50
pipeline-stage-tags-metadata 1.9.3
pipeline-stage-view 2.20
plain-credentials 1.7
plugin-util-api 2.11.0
popper-api 1.16.1-2
popper2-api 2.11.0-1
prism-api 1.25.0-1
promoted-builds 3.11
rebuild 1.32
resource-disposer 0.17
run-condition 1.5
scm-api 2.6.5
script-security 1118.vba21ca2e3286
simple-theme-plugin 0.7
snakeyaml-api 1.29.1
sonar 2.14
ssh-agent 1.23
ssh-credentials 1.19
ssh-slaves 1.33.0
sshd 3.1.0
structs 308.v852b473a2b8c
timestamper 1.15
token-macro 267.vcdaea6462991
trilead-api 1.0.13
variant 1.4
warnings-ng 9.10.2
workflow-aggregator 2.6
workflow-api 1108.v57edf648f5d4
workflow-basic-steps 2.24
workflow-cps 2648.va9433432b33c
workflow-cps-global-lib 552.vd9cc05b8a2e1
workflow-durable-task-step 1112.vda00e6febcc1
workflow-job 1145.v7f2433caa07f
workflow-multibranch 696.v52535c46f4c9
workflow-scm-step 2.13
workflow-step-api 622.vb_8e7c15b_c95a_
workflow-support 804.vba10a18a1476
ws-cleanup 0.40
xvnc 1.28

Bundled plugins:

All requested plugins:
ace-editor 1.1
apache-httpcomponents-client-4-api 4.5.13-1.0
authentication-tokens 1.4
bootstrap4-api 4.6.0-3
bootstrap5-api 5.1.3-4
branch-api 2.7.0
caffeine-api 2.9.2-29.v717aac953ff3
checks-api 1.7.2
cloudbees-folder 6.17
copyartifact 1.46.2
credentials 2.6.1
credentials-binding 1.27
display-url-api 2.3.5
docker-commons 1.17
docker-workflow 1.26
durable-task 493.v195aefbb0ff2
echarts-api 5.2.2-2
embeddable-build-status 2.0.3
envinject 2.4.0
envinject-api 1.8
font-awesome-api 5.15.4-5
git-client 3.11.0
git-server 1.10
jackson2-api 2.13.1-246.va8a9f3eaf46a
jacoco 3.3.1
jquery3-api 3.6.0-2
jsch 0.1.55.2
junit 1.53
mailer 391.ve4a_38c1b_cf4b_
matrix-project 1.19
pipeline-input-step 427.va6441fa17010
pipeline-model-api 1.9.3
pipeline-model-definition 1.9.3
pipeline-model-extensions 1.9.3
pipeline-stage-step 291.vf0a8a7aeeb50
pipeline-stage-tags-metadata 1.9.3
plain-credentials 1.7
plugin-util-api 2.12.0
popper-api 1.16.1-2
popper2-api 2.11.0-1
scm-api 2.6.5
script-security 1118.vba21ca2e3286
snakeyaml-api 1.29.1
ssh-credentials 1.19
sshd 3.1.0
structs 308.v852b473a2b8c
trilead-api 1.0.13
workflow-api 1108.v57edf648f5d4
workflow-basic-steps 2.24
workflow-cps 2648.va9433432b33c
workflow-cps-global-lib 552.vd9cc05b8a2e1
workflow-durable-task-step 1112.vda00e6febcc1
workflow-job 1145.v7f2433caa07f
workflow-multibranch 704.v8f039a_e2e8cf
workflow-scm-step 2.13
workflow-step-api 622.vb_8e7c15b_c95a_
workflow-support 804.vba10a18a1476

Plugins that will be downloaded:
copyartifact 1.46.2
docker-commons 1.17
docker-workflow 1.26
embeddable-build-status 2.0.3
envinject 2.4.0
envinject-api 1.8
jackson2-api 2.13.1-246.va8a9f3eaf46a
jacoco 3.3.1
plugin-util-api 2.12.0
workflow-multibranch 704.v8f039a_e2e8cf

Resulting plugin list:
ace-editor 1.1
analysis-model-api 10.8.1
ant 1.13
antisamy-markup-formatter 2.6
apache-httpcomponents-client-4-api 4.5.13-1.0
authentication-tokens 1.4
authorize-project 1.4.0
bootstrap4-api 4.6.0-3
bootstrap5-api 5.1.3-4
bouncycastle-api 2.25
branch-api 2.7.0
build-timeout 1.20
caffeine-api 2.9.2-29.v717aac953ff3
checks-api 1.7.2
cloudbees-folder 6.17
command-launcher 1.6
conditional-buildstep 1.4.1
config-file-provider 3.8.2
configuration-as-code 1.55
copyartifact 1.46.2
credentials 2.6.1
credentials-binding 1.27
data-tables-api 1.11.3-6
display-url-api 2.3.5
docker-commons 1.17
docker-workflow 1.26
durable-task 493.v195aefbb0ff2
echarts-api 5.2.2-2
email-ext 2.86
embeddable-build-status 2.0.3
envinject 2.4.0
envinject-api 1.8
extended-read-permission 3.2
external-monitor-job 1.7
extra-columns 1.25
font-awesome-api 5.15.4-5
forensics-api 1.7.0
gerrit-trigger 2.35.2
ghprb 1.42.2
git 4.10.1
git-client 3.11.0
git-parameter 0.9.14
git-server 1.10
github 1.34.1
github-api 1.301-378.v9807bd746da5
github-branch-source 2.11.4
gitlab-api 1.0.6
gitlab-branch-source 1.5.9
gitlab-plugin 1.5.13
greenballs 1.15.1
h2-api 1.4.199
handlebars 3.0.8
handy-uri-templates-2-api 2.1.8-1.0
jackson2-api 2.13.1-246.va8a9f3eaf46a
jacoco 3.3.1
javadoc 1.6
jdk-tool 1.5
jjwt-api 0.11.2-9.c8b45b8bb173
jobConfigHistory 2.31-rc1098.b666422863b2
jquery 1.12.4-1
jquery3-api 3.6.0-2
jsch 0.1.55.2
junit 1.53
kubernetes 1.31.2
kubernetes-client-api 5.11.1-179.v12037658df90
kubernetes-credentials 0.9.0
ldap 2.7
lockable-resources 2.13
mailer 391.ve4a_38c1b_cf4b_
matrix-auth 3.0
matrix-project 1.19
maven-plugin 3.16
metrics 4.0.2.8
momentjs 1.1.1
okhttp-api 4.9.3-105.vb96869f8ac3a
pam-auth 1.6.1
parameterized-trigger 2.43
pipeline-build-step 2.15
pipeline-graph-analysis 188.v3a01e7973f2c
pipeline-input-step 427.va6441fa17010
pipeline-maven 3.10.0
pipeline-milestone-step 1.3.2
pipeline-model-api 1.9.3
pipeline-model-definition 1.9.3
pipeline-model-extensions 1.9.3
pipeline-rest-api 2.20
pipeline-stage-step 291.vf0a8a7aeeb50
pipeline-stage-tags-metadata 1.9.3
pipeline-stage-view 2.20
plain-credentials 1.7
plugin-util-api 2.12.0
popper-api 1.16.1-2
popper2-api 2.11.0-1
prism-api 1.25.0-1
promoted-builds 3.11
rebuild 1.32
resource-disposer 0.17
run-condition 1.5
scm-api 2.6.5
script-security 1118.vba21ca2e3286
simple-theme-plugin 0.7
snakeyaml-api 1.29.1
sonar 2.14
ssh-agent 1.23
ssh-credentials 1.19
ssh-slaves 1.33.0
sshd 3.1.0
structs 308.v852b473a2b8c
timestamper 1.15
token-macro 267.vcdaea6462991
trilead-api 1.0.13
variant 1.4
warnings-ng 9.10.2
workflow-aggregator 2.6
workflow-api 1108.v57edf648f5d4
workflow-basic-steps 2.24
workflow-cps 2648.va9433432b33c
workflow-cps-global-lib 552.vd9cc05b8a2e1
workflow-durable-task-step 1112.vda00e6febcc1
workflow-job 1145.v7f2433caa07f
workflow-multibranch 704.v8f039a_e2e8cf
workflow-scm-step 2.13
workflow-step-api 622.vb_8e7c15b_c95a_
workflow-support 804.vba10a18a1476
ws-cleanup 0.40
xvnc 1.28

Security warnings:
envinject (2.4.0): SECURITY-248 Exposure of sensitive build variables stored by EnvInject 1.90 and earlier https://jenkins.io/security/advisory/2018-02-26/#SECURITY-248
Done
