
Installed plugins:
ace-editor 1.1
analysis-model-api 10.10.1
ant 475.vf34069fef73c
antisamy-markup-formatter 2.7
apache-httpcomponents-client-4-api 4.5.13-1.0
authentication-tokens 1.4
authorize-project 1.4.0
bootstrap5-api 5.1.3-6
bouncycastle-api 2.26
branch-api 2.1046.v0ca_37783ecc5
build-timeout 1.20
caffeine-api 2.9.3-65.v6a_47d0f4d1fe
checks-api 1.7.4
cloudbees-folder 6.722.v8165b_a_cf25e9
command-launcher 81.v9c2cb_cb_db_392
config-file-provider 3.10.0
configuration-as-code 1429.v09b_044a_c93de
credentials 1087.1089.v2f1b_9a_b_040e4
credentials-binding 523.vd859a_4b_122e6
data-tables-api 1.11.4-4
display-url-api 2.3.6
durable-task 496.va67c6f9eefa7
echarts-api 5.3.2-1
email-ext 2.88
extended-read-permission 3.2
external-monitor-job 191.v363d0d1efdf8
extra-columns 1.25
font-awesome-api 6.0.0-1
forensics-api 1.13.0
gerrit-trigger 2.36.0
ghprb 1.42.2
git 4.11.2
git-client 3.11.0
git-parameter 0.9.16
git-server 1.11
github 1.34.3
github-api 1.303-400.v35c2d8258028
github-branch-source 1628.vb_2f51293cb_78
gitlab-api 5.0.1-72.vb_8c272862e86
gitlab-branch-source 625.v85cf3a_400cfe
gitlab-plugin 1.5.32
greenballs 1.15.1
h2-api 1.4.199
handlebars 3.0.8
handy-uri-templates-2-api 2.1.8-22.v77d5b_75e6953
jackson2-api 2.13.3-285.vc03c0256d517
javax-activation-api 1.2.0-3
javax-mail-api 1.6.2-6
jaxb 2.3.6-1
jdk-tool 1.5
jersey2-api 2.35-8
jjwt-api 0.11.2-71.v2722b_b_06a_2a_f
jobConfigHistory 1139.v888b_656ca_f6d
jquery 1.12.4-1
jquery3-api 3.6.0-3
jsch 0.1.55.2
junit 1.63
kubernetes 3580.v78271e5631dc
kubernetes-client-api 5.12.1-187.v577c3e368fb_6
kubernetes-credentials 0.9.0
ldap 2.9
mailer 414.vcc4c33714601
matrix-auth 3.1.2
matrix-project 771.v574584b_39e60
metrics 4.1.6.2
momentjs 1.1.1
okhttp-api 4.9.3-105.vb96869f8ac3a
pam-auth 1.8
parameterized-trigger 2.44
pipeline-build-step 2.18
pipeline-graph-analysis 195.v5812d95a_a_2f9
pipeline-input-step 448.v37cea_9a_10a_70
pipeline-maven 3.10.0
pipeline-milestone-step 101.vd572fef9d926
pipeline-model-api 2.2081.v3919681ffc1e
pipeline-model-definition 2.2081.v3919681ffc1e
pipeline-model-extensions 2.2081.v3919681ffc1e
pipeline-rest-api 2.24
pipeline-stage-step 293.v200037eefcd5
pipeline-stage-tags-metadata 2.2081.v3919681ffc1e
pipeline-stage-view 2.24
plain-credentials 1.8
plugin-util-api 2.16.0
popper2-api 2.11.5-1
prism-api 1.28.0-1
promoted-builds 876.v99d29788b_36b_
rebuild 1.34
resource-disposer 0.19
scm-api 608.vfa_f971c5a_a_e9
script-security 1172.v35f6a_0b_8207e
simple-theme-plugin 103.va_161d09c38c7
snakeyaml-api 1.30.1
sonar 2.14
ssh-agent 295.v9ca_a_1c7cc3a_a_
ssh-credentials 277.v95c2fec1c047
ssh-slaves 1.814.vc82988f54b_10
sshd 3.228.v4c9f9e652c86
structs 318.va_f3ccb_729b_71
timestamper 1.17
token-macro 293.v283932a_0a_b_49
trilead-api 1.57.v6e90e07157e1
variant 1.4
warnings-ng 9.12.0
workflow-aggregator 578.vf9a_f99755f4a_
workflow-api 1153.vb_912c0e47fb_a_
workflow-basic-steps 948.v2c72a_091b_b_68
workflow-cps 2692.v76b_089ccd026
workflow-cps-global-lib 581.ve633085a_8a_87
workflow-durable-task-step 1139.v252a_e12e8463
workflow-job 1181.va_25d15548158
workflow-multibranch 712.vc169a_1387405
workflow-scm-step 400.v6b_89a_1317c9a_
workflow-step-api 625.vd896b_f445a_f8
workflow-support 820.vd1a_6cc65ef33
ws-cleanup 0.42
xvnc 1.28

Bundled plugins:

All requested plugins:
caffeine-api 2.9.3-65.v6a_47d0f4d1fe
extended-choice-parameter 346.vd87693c5a_86c
jquery 1.12.4-1
script-security 1172.v35f6a_0b_8207e

Plugins that will be downloaded:
extended-choice-parameter 346.vd87693c5a_86c

Resulting plugin list:
ace-editor 1.1
analysis-model-api 10.10.1
ant 475.vf34069fef73c
antisamy-markup-formatter 2.7
apache-httpcomponents-client-4-api 4.5.13-1.0
authentication-tokens 1.4
authorize-project 1.4.0
bootstrap5-api 5.1.3-6
bouncycastle-api 2.26
branch-api 2.1046.v0ca_37783ecc5
build-timeout 1.20
caffeine-api 2.9.3-65.v6a_47d0f4d1fe
checks-api 1.7.4
cloudbees-folder 6.722.v8165b_a_cf25e9
command-launcher 81.v9c2cb_cb_db_392
config-file-provider 3.10.0
configuration-as-code 1429.v09b_044a_c93de
credentials 1087.1089.v2f1b_9a_b_040e4
credentials-binding 523.vd859a_4b_122e6
data-tables-api 1.11.4-4
display-url-api 2.3.6
durable-task 496.va67c6f9eefa7
echarts-api 5.3.2-1
email-ext 2.88
extended-choice-parameter 346.vd87693c5a_86c
extended-read-permission 3.2
external-monitor-job 191.v363d0d1efdf8
extra-columns 1.25
font-awesome-api 6.0.0-1
forensics-api 1.13.0
gerrit-trigger 2.36.0
ghprb 1.42.2
git 4.11.2
git-client 3.11.0
git-parameter 0.9.16
git-server 1.11
github 1.34.3
github-api 1.303-400.v35c2d8258028
github-branch-source 1628.vb_2f51293cb_78
gitlab-api 5.0.1-72.vb_8c272862e86
gitlab-branch-source 625.v85cf3a_400cfe
gitlab-plugin 1.5.32
greenballs 1.15.1
h2-api 1.4.199
handlebars 3.0.8
handy-uri-templates-2-api 2.1.8-22.v77d5b_75e6953
jackson2-api 2.13.3-285.vc03c0256d517
javax-activation-api 1.2.0-3
javax-mail-api 1.6.2-6
jaxb 2.3.6-1
jdk-tool 1.5
jersey2-api 2.35-8
jjwt-api 0.11.2-71.v2722b_b_06a_2a_f
jobConfigHistory 1139.v888b_656ca_f6d
jquery 1.12.4-1
jquery3-api 3.6.0-3
jsch 0.1.55.2
junit 1.63
kubernetes 3580.v78271e5631dc
kubernetes-client-api 5.12.1-187.v577c3e368fb_6
kubernetes-credentials 0.9.0
ldap 2.9
mailer 414.vcc4c33714601
matrix-auth 3.1.2
matrix-project 771.v574584b_39e60
metrics 4.1.6.2
momentjs 1.1.1
okhttp-api 4.9.3-105.vb96869f8ac3a
pam-auth 1.8
parameterized-trigger 2.44
pipeline-build-step 2.18
pipeline-graph-analysis 195.v5812d95a_a_2f9
pipeline-input-step 448.v37cea_9a_10a_70
pipeline-maven 3.10.0
pipeline-milestone-step 101.vd572fef9d926
pipeline-model-api 2.2081.v3919681ffc1e
pipeline-model-definition 2.2081.v3919681ffc1e
pipeline-model-extensions 2.2081.v3919681ffc1e
pipeline-rest-api 2.24
pipeline-stage-step 293.v200037eefcd5
pipeline-stage-tags-metadata 2.2081.v3919681ffc1e
pipeline-stage-view 2.24
plain-credentials 1.8
plugin-util-api 2.16.0
popper2-api 2.11.5-1
prism-api 1.28.0-1
promoted-builds 876.v99d29788b_36b_
rebuild 1.34
resource-disposer 0.19
scm-api 608.vfa_f971c5a_a_e9
script-security 1172.v35f6a_0b_8207e
simple-theme-plugin 103.va_161d09c38c7
snakeyaml-api 1.30.1
sonar 2.14
ssh-agent 295.v9ca_a_1c7cc3a_a_
ssh-credentials 277.v95c2fec1c047
ssh-slaves 1.814.vc82988f54b_10
sshd 3.228.v4c9f9e652c86
structs 318.va_f3ccb_729b_71
timestamper 1.17
token-macro 293.v283932a_0a_b_49
trilead-api 1.57.v6e90e07157e1
variant 1.4
warnings-ng 9.12.0
workflow-aggregator 578.vf9a_f99755f4a_
workflow-api 1153.vb_912c0e47fb_a_
workflow-basic-steps 948.v2c72a_091b_b_68
workflow-cps 2692.v76b_089ccd026
workflow-cps-global-lib 581.ve633085a_8a_87
workflow-durable-task-step 1139.v252a_e12e8463
workflow-job 1181.va_25d15548158
workflow-multibranch 712.vc169a_1387405
workflow-scm-step 400.v6b_89a_1317c9a_
workflow-step-api 625.vd896b_f445a_f8
workflow-support 820.vd1a_6cc65ef33
ws-cleanup 0.42
xvnc 1.28

Security warnings:
extended-choice-parameter (346.vd87693c5a_86c): SECURITY-1350 CSRF vulnerability and missing permission checks allow SSRF https://www.jenkins.io/security/advisory/2022-03-15/#SECURITY-1350
extended-choice-parameter (346.vd87693c5a_86c): SECURITY-1351 Arbitrary JSON and property file read vulnerability https://www.jenkins.io/security/advisory/2022-03-15/#SECURITY-1351
extended-choice-parameter (346.vd87693c5a_86c): SECURITY-2232 Stored XSS vulnerability https://www.jenkins.io/security/advisory/2022-03-15/#SECURITY-2232
extended-choice-parameter (346.vd87693c5a_86c): SECURITY-2617-extended-choice-parameter Stored XSS vulnerability https://www.jenkins.io/security/advisory/2022-04-12/#SECURITY-2617
Done
