
Installed plugins:
ace-editor 1.1
analysis-model-api 9.8.0
ant 1.11
antisamy-markup-formatter 2.1
apache-httpcomponents-client-4-api 4.5.13-1.0
authentication-tokens 1.4
authorize-project 1.3.0
bootstrap4-api 4.6.0-1
bouncycastle-api 2.18
branch-api 2.6.2
build-timeout 1.20
checks-api 1.5.0
cloudbees-folder 6.15
command-launcher 1.5
conditional-buildstep 1.4.1
config-file-provider 3.7.0
configuration-as-code 1.47
credentials 2.3.15
credentials-binding 1.24
data-tables-api 1.10.23-2
display-url-api 2.3.4
durable-task 1.35
echarts-api 4.9.0-3
email-ext 2.81
extended-read-permission 3.2
external-monitor-job 1.7
extra-columns 1.22
font-awesome-api 5.15.2-1
forensics-api 0.10.1
gerrit-trigger 2.32.0
ghprb 1.42.2
git 4.6.0
git-client 3.6.0
git-parameter 0.9.13
git-server 1.9
github 1.33.0
github-api 1.122
github-branch-source 2.9.5
gitlab-api 1.0.6
gitlab-branch-source 1.5.4
gitlab-plugin 1.5.13
greenballs 1.15.1
h2-api 1.4.199
handlebars 1.1.1
handy-uri-templates-2-api 2.1.8-1.0
jackson2-api 2.12.1
javadoc 1.6
jdk-tool 1.5
jjwt-api 0.11.2-9.c8b45b8bb173
jobConfigHistory 2.26
jquery 1.12.4-1
jquery3-api 3.5.1-2
jsch 0.1.55.2
junit 1.48
kubernetes 1.25.7
kubernetes-client-api 4.13.2-1
kubernetes-credentials 0.8.0
ldap 1.26
lockable-resources 2.10
mailer 1.32.1
matrix-auth 2.6.5
matrix-project 1.18
maven-plugin 3.8
momentjs 1.1.1
okhttp-api 3.14.9
pam-auth 1.6
parameterized-trigger 2.39
pipeline-build-step 2.13
pipeline-graph-analysis 1.10
pipeline-input-step 2.12
pipeline-maven 3.10.0
pipeline-milestone-step 1.3.2
pipeline-model-api 1.8.4
pipeline-model-definition 1.8.4
pipeline-model-extensions 1.8.4
pipeline-rest-api 2.19
pipeline-stage-step 2.5
pipeline-stage-tags-metadata 1.8.4
pipeline-stage-view 2.19
plain-credentials 1.7
plugin-util-api 1.7.1
popper-api 1.16.1-1
promoted-builds 3.7
rebuild 1.31
resource-disposer 0.14
run-condition 1.5
scm-api 2.6.4
script-security 1.76
simple-theme-plugin 0.6
snakeyaml-api 1.27.0
sonar 2.13
ssh-agent 1.21
ssh-credentials 1.18.1
ssh-slaves 1.31.5
structs 1.22
timestamper 1.11.8
token-macro 2.13
trilead-api 1.0.13
variant 1.4
warnings-ng 8.9.1
workflow-aggregator 2.6
workflow-api 2.41
workflow-basic-steps 2.23
workflow-cps 2.89
workflow-cps-global-lib 2.17
workflow-durable-task-step 2.37
workflow-job 2.40
workflow-multibranch 2.22
workflow-scm-step 2.11
workflow-step-api 2.23
workflow-support 3.7
ws-cleanup 0.38
xvnc 1.25

Bundled plugins:

All requested plugins:
ace-editor 1.1
analysis-model-api 9.8.0
antisamy-markup-formatter 2.1
apache-httpcomponents-client-4-api 4.5.13-1.0
bootstrap4-api 4.6.0-1
branch-api 2.6.2
checks-api 1.5.0
cloudbees-folder 6.15
credentials 2.3.15
data-tables-api 1.10.23-2
display-url-api 2.3.4
echarts-api 4.9.0-3
font-awesome-api 5.15.2-1
forensics-api 0.10.1
jackson2-api 2.12.1
jacoco 3.1.1
jquery3-api 3.5.1-2
plugin-util-api 1.7.1
popper-api 1.16.1-1
scm-api 2.6.4
script-security 1.76
snakeyaml-api 1.27.0
structs 1.22
warnings-ng 8.9.1
workflow-api 2.41
workflow-cps 2.89
workflow-job 2.40
workflow-multibranch 2.22
workflow-scm-step 2.11
workflow-step-api 2.23
workflow-support 3.7

Plugins that will be downloaded:
jacoco 3.1.1

Resulting plugin list:
ace-editor 1.1
analysis-model-api 9.8.0
ant 1.11
antisamy-markup-formatter 2.1
apache-httpcomponents-client-4-api 4.5.13-1.0
authentication-tokens 1.4
authorize-project 1.3.0
bootstrap4-api 4.6.0-1
bouncycastle-api 2.18
branch-api 2.6.2
build-timeout 1.20
checks-api 1.5.0
cloudbees-folder 6.15
command-launcher 1.5
conditional-buildstep 1.4.1
config-file-provider 3.7.0
configuration-as-code 1.47
credentials 2.3.15
credentials-binding 1.24
data-tables-api 1.10.23-2
display-url-api 2.3.4
durable-task 1.35
echarts-api 4.9.0-3
email-ext 2.81
extended-read-permission 3.2
external-monitor-job 1.7
extra-columns 1.22
font-awesome-api 5.15.2-1
forensics-api 0.10.1
gerrit-trigger 2.32.0
ghprb 1.42.2
git 4.6.0
git-client 3.6.0
git-parameter 0.9.13
git-server 1.9
github 1.33.0
github-api 1.122
github-branch-source 2.9.5
gitlab-api 1.0.6
gitlab-branch-source 1.5.4
gitlab-plugin 1.5.13
greenballs 1.15.1
h2-api 1.4.199
handlebars 1.1.1
handy-uri-templates-2-api 2.1.8-1.0
jackson2-api 2.12.1
jacoco 3.1.1
javadoc 1.6
jdk-tool 1.5
jjwt-api 0.11.2-9.c8b45b8bb173
jobConfigHistory 2.26
jquery 1.12.4-1
jquery3-api 3.5.1-2
jsch 0.1.55.2
junit 1.48
kubernetes 1.25.7
kubernetes-client-api 4.13.2-1
kubernetes-credentials 0.8.0
ldap 1.26
lockable-resources 2.10
mailer 1.32.1
matrix-auth 2.6.5
matrix-project 1.18
maven-plugin 3.8
momentjs 1.1.1
okhttp-api 3.14.9
pam-auth 1.6
parameterized-trigger 2.39
pipeline-build-step 2.13
pipeline-graph-analysis 1.10
pipeline-input-step 2.12
pipeline-maven 3.10.0
pipeline-milestone-step 1.3.2
pipeline-model-api 1.8.4
pipeline-model-definition 1.8.4
pipeline-model-extensions 1.8.4
pipeline-rest-api 2.19
pipeline-stage-step 2.5
pipeline-stage-tags-metadata 1.8.4
pipeline-stage-view 2.19
plain-credentials 1.7
plugin-util-api 1.7.1
popper-api 1.16.1-1
promoted-builds 3.7
rebuild 1.31
resource-disposer 0.14
run-condition 1.5
scm-api 2.6.4
script-security 1.76
simple-theme-plugin 0.6
snakeyaml-api 1.27.0
sonar 2.13
ssh-agent 1.21
ssh-credentials 1.18.1
ssh-slaves 1.31.5
structs 1.22
timestamper 1.11.8
token-macro 2.13
trilead-api 1.0.13
variant 1.4
warnings-ng 8.9.1
workflow-aggregator 2.6
workflow-api 2.41
workflow-basic-steps 2.23
workflow-cps 2.89
workflow-cps-global-lib 2.17
workflow-durable-task-step 2.37
workflow-job 2.40
workflow-multibranch 2.22
workflow-scm-step 2.11
workflow-step-api 2.23
workflow-support 3.7
ws-cleanup 0.38
xvnc 1.25

Security warnings:
Done
