
Installed plugins:
ace-editor 1.1
analysis-model-api 10.13.0
ant 475.vf34069fef73c
antisamy-markup-formatter 2.7
apache-httpcomponents-client-4-api 4.5.13-1.0
authentication-tokens 1.4
authorize-project 1.4.0
bootstrap5-api 5.1.3-7
bouncycastle-api 2.26
branch-api 2.1046.v0ca_37783ecc5
build-timeout 1.21
caffeine-api 2.9.3-65.v6a_47d0f4d1fe
checks-api 1.7.4
cloudbees-folder 6.729.v2b_9d1a_74d673
command-launcher 84.v4a_97f2027398
commons-lang3-api 3.12.0.0
commons-text-api 1.9-9.v39a_53e2e0343
config-file-provider 3.10.0
configuration-as-code 1466.v2d4119502006
credentials 1087.1089.v2f1b_9a_b_040e4
credentials-binding 523.vd859a_4b_122e6
data-tables-api 1.12.1-2
display-url-api 2.3.6
durable-task 496.va67c6f9eefa7
echarts-api 5.3.3-1
email-ext 2.89
extended-read-permission 3.2
external-monitor-job 191.v363d0d1efdf8
extra-columns 1.25
font-awesome-api 6.1.1-1
forensics-api 1.15.1
gerrit-trigger 2.36.0
ghprb 1.42.2
git 4.11.3
git-client 3.11.0
git-parameter 0.9.17
github 1.34.3
github-api 1.303-400.v35c2d8258028
github-branch-source 1656.v77eddb_b_e95df
gitlab-api 5.0.1-74.v44f46b_54c775
gitlab-branch-source 630.v04ca_c57fa_880
gitlab-plugin 1.5.35
greenballs 1.15.1
h2-api 1.4.199
handlebars 3.0.8
handy-uri-templates-2-api 2.1.8-22.v77d5b_75e6953
jackson2-api 2.13.3-285.vc03c0256d517
javax-activation-api 1.2.0-3
javax-mail-api 1.6.2-6
jaxb 2.3.6-1
jdk-tool 1.5
jersey2-api 2.36-2
jjwt-api 0.11.5-77.v646c772fddb_0
jobConfigHistory 1139.v888b_656ca_f6d
jquery 1.12.4-1
jquery3-api 3.6.0-4
jsch 0.1.55.2
junit 1119.1121.vc43d0fc45561
kubernetes 3663.v1c1e0ec5b_650
kubernetes-client-api 5.12.2-193.v26a_6078f65a_9
kubernetes-credentials 0.9.0
ldap 2.10
mailer 414.vcc4c33714601
matrix-auth 3.1.5
matrix-project 772.v494f19991984
metrics 4.1.6.2
momentjs 1.1.1
okhttp-api 4.9.3-105.vb96869f8ac3a
pam-auth 1.8
parameterized-trigger 2.45
pipeline-build-step 2.18
pipeline-graph-analysis 195.v5812d95a_a_2f9
pipeline-groovy-lib 593.va_a_fc25d520e9
pipeline-input-step 449.v77f0e8b_845c4
pipeline-maven 1161.v89a_7dcec5d31
pipeline-milestone-step 101.vd572fef9d926
pipeline-model-api 2.2097.v33db_b_de764b_e
pipeline-model-definition 2.2097.v33db_b_de764b_e
pipeline-model-extensions 2.2097.v33db_b_de764b_e
pipeline-rest-api 2.24
pipeline-stage-step 293.v200037eefcd5
pipeline-stage-tags-metadata 2.2097.v33db_b_de764b_e
pipeline-stage-view 2.24
plain-credentials 1.8
plugin-util-api 2.17.0
popper2-api 2.11.5-2
prism-api 1.28.0-2
promoted-builds 878.v12d3f7937690
rebuild 1.34
resource-disposer 0.19
scm-api 608.vfa_f971c5a_a_e9
script-security 1175.v4b_d517d6db_f0
simple-theme-plugin 103.va_161d09c38c7
snakeyaml-api 1.30.2-76.vc104f7ce9870
sonar 2.14
ssh-agent 295.v9ca_a_1c7cc3a_a_
ssh-credentials 277.v95c2fec1c047
ssh-slaves 1.821.vd834f8a_c390e
structs 318.va_f3ccb_729b_71
timestamper 1.18
token-macro 293.v283932a_0a_b_49
trilead-api 1.67.vc3938a_35172f
variant 1.4
warnings-ng 9.14.0
workflow-aggregator 590.v6a_d052e5a_a_b_5
workflow-api 1188.v0016b_4f29881
workflow-basic-steps 969.vc4ec3e4854b_f
workflow-cps 2729.vea_17b_79ed57a_
workflow-durable-task-step 1174.v73a_9a_17edce0
workflow-job 1189.va_d37a_e9e4eda_
workflow-multibranch 716.vc692a_e52371b_
workflow-scm-step 400.v6b_89a_1317c9a_
workflow-step-api 625.vd896b_f445a_f8
workflow-support 833.va_1c71061486b_
ws-cleanup 0.42
xvnc 1.28

Bundled plugins:

All requested plugins:
apache-httpcomponents-client-4-api 4.5.13-1.0
bootstrap5-api 5.1.3-7
caffeine-api 2.9.3-65.v6a_47d0f4d1fe
checks-api 1.7.4
credentials 1087.1089.v2f1b_9a_b_040e4
display-url-api 2.3.6
echarts-api 5.3.3-1
font-awesome-api 6.1.1-1
jackson2-api 2.13.3-285.vc03c0256d517
jakarta-activation-api 2.0.0-3
jakarta-mail-api 2.0.0-6
javadoc 217.v905b_86277a_2a_
javax-activation-api 1.2.0-4
jaxb 2.3.6-1
jquery3-api 3.6.0-4
jsch 0.1.55.2
junit 1119.1121.vc43d0fc45561
mailer 435.v79ef3972b_5c7
maven-plugin 3.19
plugin-util-api 2.17.0
popper2-api 2.11.5-2
scm-api 608.vfa_f971c5a_a_e9
script-security 1175.v4b_d517d6db_f0
snakeyaml-api 1.30.2-76.vc104f7ce9870
ssh-credentials 277.v95c2fec1c047
structs 318.va_f3ccb_729b_71
trilead-api 1.67.vc3938a_35172f
workflow-api 1188.v0016b_4f29881
workflow-step-api 625.vd896b_f445a_f8
workflow-support 833.va_1c71061486b_

Plugins that will be downloaded:
jakarta-activation-api 2.0.0-3
jakarta-mail-api 2.0.0-6
javadoc 217.v905b_86277a_2a_
javax-activation-api 1.2.0-4
mailer 435.v79ef3972b_5c7
maven-plugin 3.19

Resulting plugin list:
ace-editor 1.1
analysis-model-api 10.13.0
ant 475.vf34069fef73c
antisamy-markup-formatter 2.7
apache-httpcomponents-client-4-api 4.5.13-1.0
authentication-tokens 1.4
authorize-project 1.4.0
bootstrap5-api 5.1.3-7
bouncycastle-api 2.26
branch-api 2.1046.v0ca_37783ecc5
build-timeout 1.21
caffeine-api 2.9.3-65.v6a_47d0f4d1fe
checks-api 1.7.4
cloudbees-folder 6.729.v2b_9d1a_74d673
command-launcher 84.v4a_97f2027398
commons-lang3-api 3.12.0.0
commons-text-api 1.9-9.v39a_53e2e0343
config-file-provider 3.10.0
configuration-as-code 1466.v2d4119502006
credentials 1087.1089.v2f1b_9a_b_040e4
credentials-binding 523.vd859a_4b_122e6
data-tables-api 1.12.1-2
display-url-api 2.3.6
durable-task 496.va67c6f9eefa7
echarts-api 5.3.3-1
email-ext 2.89
extended-read-permission 3.2
external-monitor-job 191.v363d0d1efdf8
extra-columns 1.25
font-awesome-api 6.1.1-1
forensics-api 1.15.1
gerrit-trigger 2.36.0
ghprb 1.42.2
git 4.11.3
git-client 3.11.0
git-parameter 0.9.17
github 1.34.3
github-api 1.303-400.v35c2d8258028
github-branch-source 1656.v77eddb_b_e95df
gitlab-api 5.0.1-74.v44f46b_54c775
gitlab-branch-source 630.v04ca_c57fa_880
gitlab-plugin 1.5.35
greenballs 1.15.1
h2-api 1.4.199
handlebars 3.0.8
handy-uri-templates-2-api 2.1.8-22.v77d5b_75e6953
jackson2-api 2.13.3-285.vc03c0256d517
jakarta-activation-api 2.0.0-3
jakarta-mail-api 2.0.0-6
javadoc 217.v905b_86277a_2a_
javax-activation-api 1.2.0-4
javax-mail-api 1.6.2-6
jaxb 2.3.6-1
jdk-tool 1.5
jersey2-api 2.36-2
jjwt-api 0.11.5-77.v646c772fddb_0
jobConfigHistory 1139.v888b_656ca_f6d
jquery 1.12.4-1
jquery3-api 3.6.0-4
jsch 0.1.55.2
junit 1119.1121.vc43d0fc45561
kubernetes 3663.v1c1e0ec5b_650
kubernetes-client-api 5.12.2-193.v26a_6078f65a_9
kubernetes-credentials 0.9.0
ldap 2.10
mailer 435.v79ef3972b_5c7
matrix-auth 3.1.5
matrix-project 772.v494f19991984
maven-plugin 3.19
metrics 4.1.6.2
momentjs 1.1.1
okhttp-api 4.9.3-105.vb96869f8ac3a
pam-auth 1.8
parameterized-trigger 2.45
pipeline-build-step 2.18
pipeline-graph-analysis 195.v5812d95a_a_2f9
pipeline-groovy-lib 593.va_a_fc25d520e9
pipeline-input-step 449.v77f0e8b_845c4
pipeline-maven 1161.v89a_7dcec5d31
pipeline-milestone-step 101.vd572fef9d926
pipeline-model-api 2.2097.v33db_b_de764b_e
pipeline-model-definition 2.2097.v33db_b_de764b_e
pipeline-model-extensions 2.2097.v33db_b_de764b_e
pipeline-rest-api 2.24
pipeline-stage-step 293.v200037eefcd5
pipeline-stage-tags-metadata 2.2097.v33db_b_de764b_e
pipeline-stage-view 2.24
plain-credentials 1.8
plugin-util-api 2.17.0
popper2-api 2.11.5-2
prism-api 1.28.0-2
promoted-builds 878.v12d3f7937690
rebuild 1.34
resource-disposer 0.19
scm-api 608.vfa_f971c5a_a_e9
script-security 1175.v4b_d517d6db_f0
simple-theme-plugin 103.va_161d09c38c7
snakeyaml-api 1.30.2-76.vc104f7ce9870
sonar 2.14
ssh-agent 295.v9ca_a_1c7cc3a_a_
ssh-credentials 277.v95c2fec1c047
ssh-slaves 1.821.vd834f8a_c390e
structs 318.va_f3ccb_729b_71
timestamper 1.18
token-macro 293.v283932a_0a_b_49
trilead-api 1.67.vc3938a_35172f
variant 1.4
warnings-ng 9.14.0
workflow-aggregator 590.v6a_d052e5a_a_b_5
workflow-api 1188.v0016b_4f29881
workflow-basic-steps 969.vc4ec3e4854b_f
workflow-cps 2729.vea_17b_79ed57a_
workflow-durable-task-step 1174.v73a_9a_17edce0
workflow-job 1189.va_d37a_e9e4eda_
workflow-multibranch 716.vc692a_e52371b_
workflow-scm-step 400.v6b_89a_1317c9a_
workflow-step-api 625.vd896b_f445a_f8
workflow-support 833.va_1c71061486b_
ws-cleanup 0.42
xvnc 1.28

Security warnings:
Done
