
Installed plugins:
ace-editor 1.1
analysis-model-api 10.16.0
ant 475.vf34069fef73c
antisamy-markup-formatter 2.7
apache-httpcomponents-client-4-api 4.5.13-138.v4e7d9a_7b_a_e61
authentication-tokens 1.4
authorize-project 1.4.0
bootstrap5-api 5.2.0-1
bouncycastle-api 2.26
branch-api 2.1046.v0ca_37783ecc5
build-timeout 1.21
caffeine-api 2.9.3-65.v6a_47d0f4d1fe
checks-api 1.7.5
cloudbees-folder 6.740.ve4f4ffa_dea_54
command-launcher 84.v4a_97f2027398
config-file-provider 3.11.1
configuration-as-code 1512.vb_79d418d5fc8
credentials 1139.veb_9579fca_33b_
credentials-binding 523.vd859a_4b_122e6
data-tables-api 1.12.1-2
display-url-api 2.3.6
durable-task 500.v8927d9fd99d8
echarts-api 5.3.3-1
email-ext 2.91
extended-read-permission 3.2
external-monitor-job 192.ve979ca_8b_3ccd
extra-columns 1.25
font-awesome-api 6.1.2-1
forensics-api 1.15.1
gerrit-trigger 2.36.0
ghprb 1.42.2
git 4.11.4
git-client 3.11.2
git-parameter 0.9.17
github 1.34.5
github-api 1.303-400.v35c2d8258028
github-branch-source 1677.v731f745ea_0cf
gitlab-api 5.0.1-78.v47a_45b_9f78b_7
gitlab-branch-source 633.ved9984f943da_
gitlab-plugin 1.5.35
greenballs 1.15.1
h2-api 1.4.199
handlebars 3.0.8
handy-uri-templates-2-api 2.1.8-22.v77d5b_75e6953
jackson2-api 2.13.3-285.vc03c0256d517
jakarta-activation-api 2.0.1-1
jakarta-mail-api 2.0.1-1
javax-activation-api 1.2.0-4
jaxb 2.3.6-1
jdk-tool 55.v1b_32b_6ca_f9ca
jersey2-api 2.36-2
jjwt-api 0.11.5-77.v646c772fddb_0
jobConfigHistory 1165.v8cc9fd1f4597
jquery 1.12.4-1
jquery3-api 3.6.0-4
jsch 0.1.55.61.va_e9ee26616e7
junit 1119.1121.vc43d0fc45561
kubernetes 3690.va_9ddf6635481
kubernetes-client-api 5.12.2-193.v26a_6078f65a_9
kubernetes-credentials 0.9.0
ldap 2.11
mailer 435.v79ef3972b_5c7
matrix-auth 3.1.5
matrix-project 772.v494f19991984
metrics 4.2.10-389.v93143621b_050
momentjs 1.1.1
okhttp-api 4.9.3-108.v0feda04578cf
pam-auth 1.10
parameterized-trigger 2.45
pipeline-build-step 2.18
pipeline-graph-analysis 195.v5812d95a_a_2f9
pipeline-groovy-lib 612.v84da_9c54906d
pipeline-input-step 449.v77f0e8b_845c4
pipeline-maven 1161.v89a_7dcec5d31
pipeline-milestone-step 101.vd572fef9d926
pipeline-model-api 2.2114.v2654ca_721309
pipeline-model-definition 2.2114.v2654ca_721309
pipeline-model-extensions 2.2114.v2654ca_721309
pipeline-rest-api 2.24
pipeline-stage-step 293.v200037eefcd5
pipeline-stage-tags-metadata 2.2114.v2654ca_721309
pipeline-stage-view 2.24
plain-credentials 139.ved2b_9cf7587b
plugin-util-api 2.17.0
popper2-api 2.11.5-2
prism-api 1.28.0-2
promoted-builds 881.vb_72da_69ffca_1
rebuild 1.34
resource-disposer 0.19
scm-api 621.vda_a_b_055e58f7
script-security 1175.v4b_d517d6db_f0
simple-theme-plugin 103.va_161d09c38c7
snakeyaml-api 1.30.2-76.vc104f7ce9870
sonar 2.14
ssh-agent 295.v9ca_a_1c7cc3a_a_
ssh-credentials 295.vced876c18eb_4
ssh-slaves 1.834.v622da_57f702c
structs 324.va_f5d6774f3a_d
timestamper 1.18
token-macro 308.v4f2b_ed62b_b_16
trilead-api 1.67.vc3938a_35172f
variant 59.vf075fe829ccb
warnings-ng 9.18.0
workflow-aggregator 590.v6a_d052e5a_a_b_5
workflow-api 1192.v2d0deb_19d212
workflow-basic-steps 991.v43d80fea_ff66
workflow-cps 2759.v87459c4eea_ca_
workflow-durable-task-step 1199.v02b_9244f8064
workflow-job 1207.ve6191ff089f8
workflow-multibranch 716.vc692a_e52371b_
workflow-scm-step 400.v6b_89a_1317c9a_
workflow-step-api 639.v6eca_cd8c04a_a_
workflow-support 838.va_3a_087b_4055b
ws-cleanup 0.42
xvnc 1.28

Bundled plugins:

All requested plugins:
apache-httpcomponents-client-4-api 4.5.13-138.v4e7d9a_7b_a_e61
bootstrap5-api 5.2.0-1
caffeine-api 2.9.3-65.v6a_47d0f4d1fe
checks-api 1.7.5
credentials 1139.veb_9579fca_33b_
display-url-api 2.3.6
echarts-api 5.3.3-1
font-awesome-api 6.1.2-1
jackson2-api 2.13.3-285.vc03c0256d517
jakarta-activation-api 2.0.1-1
jakarta-mail-api 2.0.1-1
javadoc 226.v71211feb_e7e9
javax-activation-api 1.2.0-4
jaxb 2.3.6-1
jquery3-api 3.6.0-4
jsch 0.1.55.61.va_e9ee26616e7
junit 1119.1121.vc43d0fc45561
mail-watcher-plugin 1.17
mailer 435.v79ef3972b_5c7
matrix-project 772.v494f19991984
maven-plugin 3.19
multiple-scms 0.8
plugin-util-api 2.17.0
popper2-api 2.11.5-2
scm-api 621.vda_a_b_055e58f7
script-security 1175.v4b_d517d6db_f0
snakeyaml-api 1.30.2-76.vc104f7ce9870
ssh-credentials 295.vced876c18eb_4
structs 324.va_f5d6774f3a_d
trilead-api 1.67.vc3938a_35172f
workflow-api 1192.v2d0deb_19d212
workflow-step-api 639.v6eca_cd8c04a_a_
workflow-support 838.va_3a_087b_4055b
zentimestamp 4.2

Plugins that will be downloaded:
javadoc 226.v71211feb_e7e9
mail-watcher-plugin 1.17
maven-plugin 3.19
multiple-scms 0.8
zentimestamp 4.2

Resulting plugin list:
ace-editor 1.1
analysis-model-api 10.16.0
ant 475.vf34069fef73c
antisamy-markup-formatter 2.7
apache-httpcomponents-client-4-api 4.5.13-138.v4e7d9a_7b_a_e61
authentication-tokens 1.4
authorize-project 1.4.0
bootstrap5-api 5.2.0-1
bouncycastle-api 2.26
branch-api 2.1046.v0ca_37783ecc5
build-timeout 1.21
caffeine-api 2.9.3-65.v6a_47d0f4d1fe
checks-api 1.7.5
cloudbees-folder 6.740.ve4f4ffa_dea_54
command-launcher 84.v4a_97f2027398
config-file-provider 3.11.1
configuration-as-code 1512.vb_79d418d5fc8
credentials 1139.veb_9579fca_33b_
credentials-binding 523.vd859a_4b_122e6
data-tables-api 1.12.1-2
display-url-api 2.3.6
durable-task 500.v8927d9fd99d8
echarts-api 5.3.3-1
email-ext 2.91
extended-read-permission 3.2
external-monitor-job 192.ve979ca_8b_3ccd
extra-columns 1.25
font-awesome-api 6.1.2-1
forensics-api 1.15.1
gerrit-trigger 2.36.0
ghprb 1.42.2
git 4.11.4
git-client 3.11.2
git-parameter 0.9.17
github 1.34.5
github-api 1.303-400.v35c2d8258028
github-branch-source 1677.v731f745ea_0cf
gitlab-api 5.0.1-78.v47a_45b_9f78b_7
gitlab-branch-source 633.ved9984f943da_
gitlab-plugin 1.5.35
greenballs 1.15.1
h2-api 1.4.199
handlebars 3.0.8
handy-uri-templates-2-api 2.1.8-22.v77d5b_75e6953
jackson2-api 2.13.3-285.vc03c0256d517
jakarta-activation-api 2.0.1-1
jakarta-mail-api 2.0.1-1
javadoc 226.v71211feb_e7e9
javax-activation-api 1.2.0-4
jaxb 2.3.6-1
jdk-tool 55.v1b_32b_6ca_f9ca
jersey2-api 2.36-2
jjwt-api 0.11.5-77.v646c772fddb_0
jobConfigHistory 1165.v8cc9fd1f4597
jquery 1.12.4-1
jquery3-api 3.6.0-4
jsch 0.1.55.61.va_e9ee26616e7
junit 1119.1121.vc43d0fc45561
kubernetes 3690.va_9ddf6635481
kubernetes-client-api 5.12.2-193.v26a_6078f65a_9
kubernetes-credentials 0.9.0
ldap 2.11
mail-watcher-plugin 1.17
mailer 435.v79ef3972b_5c7
matrix-auth 3.1.5
matrix-project 772.v494f19991984
maven-plugin 3.19
metrics 4.2.10-389.v93143621b_050
momentjs 1.1.1
multiple-scms 0.8
okhttp-api 4.9.3-108.v0feda04578cf
pam-auth 1.10
parameterized-trigger 2.45
pipeline-build-step 2.18
pipeline-graph-analysis 195.v5812d95a_a_2f9
pipeline-groovy-lib 612.v84da_9c54906d
pipeline-input-step 449.v77f0e8b_845c4
pipeline-maven 1161.v89a_7dcec5d31
pipeline-milestone-step 101.vd572fef9d926
pipeline-model-api 2.2114.v2654ca_721309
pipeline-model-definition 2.2114.v2654ca_721309
pipeline-model-extensions 2.2114.v2654ca_721309
pipeline-rest-api 2.24
pipeline-stage-step 293.v200037eefcd5
pipeline-stage-tags-metadata 2.2114.v2654ca_721309
pipeline-stage-view 2.24
plain-credentials 139.ved2b_9cf7587b
plugin-util-api 2.17.0
popper2-api 2.11.5-2
prism-api 1.28.0-2
promoted-builds 881.vb_72da_69ffca_1
rebuild 1.34
resource-disposer 0.19
scm-api 621.vda_a_b_055e58f7
script-security 1175.v4b_d517d6db_f0
simple-theme-plugin 103.va_161d09c38c7
snakeyaml-api 1.30.2-76.vc104f7ce9870
sonar 2.14
ssh-agent 295.v9ca_a_1c7cc3a_a_
ssh-credentials 295.vced876c18eb_4
ssh-slaves 1.834.v622da_57f702c
structs 324.va_f5d6774f3a_d
timestamper 1.18
token-macro 308.v4f2b_ed62b_b_16
trilead-api 1.67.vc3938a_35172f
variant 59.vf075fe829ccb
warnings-ng 9.18.0
workflow-aggregator 590.v6a_d052e5a_a_b_5
workflow-api 1192.v2d0deb_19d212
workflow-basic-steps 991.v43d80fea_ff66
workflow-cps 2759.v87459c4eea_ca_
workflow-durable-task-step 1199.v02b_9244f8064
workflow-job 1207.ve6191ff089f8
workflow-multibranch 716.vc692a_e52371b_
workflow-scm-step 400.v6b_89a_1317c9a_
workflow-step-api 639.v6eca_cd8c04a_a_
workflow-support 838.va_3a_087b_4055b
ws-cleanup 0.42
xvnc 1.28
zentimestamp 4.2

Security warnings:
Done
