
Installed plugins:
ace-editor 1.1
analysis-model-api 10.3.1
ant 1.12
antisamy-markup-formatter 2.1
apache-httpcomponents-client-4-api 4.5.13-1.0
authentication-tokens 1.4
authorize-project 1.4.0
bootstrap4-api 4.6.0-3
bootstrap5-api 5.1.1-1
bouncycastle-api 2.25
branch-api 2.7.0
build-timeout 1.20
caffeine-api 2.9.2-29.v717aac953ff3
checks-api 1.7.2
cloudbees-folder 6.16
command-launcher 1.6
conditional-buildstep 1.4.1
config-file-provider 3.8.1
configuration-as-code 1.54
credentials 2.6.1
credentials-binding 1.27
data-tables-api 1.11.2-1
display-url-api 2.3.5
durable-task 1.39
echarts-api 5.2.1-2
email-ext 2.83
extended-read-permission 3.2
external-monitor-job 1.7
extra-columns 1.24
font-awesome-api 5.15.4-1
forensics-api 1.4.0
gerrit-trigger 2.35.2
ghprb 1.42.2
git 4.8.3
git-client 3.10.0
git-parameter 0.9.13
git-server 1.10
github 1.34.1
github-api 1.133
github-branch-source 2.11.3
gitlab-api 1.0.6
gitlab-branch-source 1.5.9
gitlab-plugin 1.5.13
greenballs 1.15.1
h2-api 1.4.199
handlebars 3.0.8
handy-uri-templates-2-api 2.1.8-1.0
jackson2-api 2.13.0-226.v0c5dd2d2fd2a
javadoc 1.6
jdk-tool 1.5
jjwt-api 0.11.2-9.c8b45b8bb173
jobConfigHistory 2.28.1
jquery 1.12.4-1
jquery3-api 3.6.0-2
jsch 0.1.55.2
junit 1.53
kubernetes 1.30.2
kubernetes-client-api 5.4.1
kubernetes-credentials 0.9.0
ldap 2.7
lockable-resources 2.11
mailer 1.34
matrix-auth 2.6.8
matrix-project 1.19
maven-plugin 3.13
metrics 4.0.2.8
momentjs 1.1.1
okhttp-api 3.14.9
pam-auth 1.6
parameterized-trigger 2.41
pipeline-build-step 2.15
pipeline-graph-analysis 1.11
pipeline-input-step 2.12
pipeline-maven 3.10.0
pipeline-milestone-step 1.3.2
pipeline-model-api 1.9.2
pipeline-model-definition 1.9.2
pipeline-model-extensions 1.9.2
pipeline-rest-api 2.19
pipeline-stage-step 2.5
pipeline-stage-tags-metadata 1.9.2
pipeline-stage-view 2.19
plain-credentials 1.7
plugin-util-api 2.5.0
popper-api 1.16.1-2
popper2-api 2.10.2-1
promoted-builds 3.10
rebuild 1.32
resource-disposer 0.16
run-condition 1.5
scm-api 2.6.5
script-security 1.78
simple-theme-plugin 0.7
snakeyaml-api 1.29.1
sonar 2.13.1
ssh-agent 1.23
ssh-credentials 1.19
ssh-slaves 1.33.0
sshd 3.1.0
structs 1.23
timestamper 1.13
token-macro 266.v44a80cf277fd
trilead-api 1.0.13
variant 1.4
warnings-ng 9.5.0
workflow-aggregator 2.6
workflow-api 2.46
workflow-basic-steps 2.24
workflow-cps 2.94
workflow-cps-global-lib 2.21
workflow-durable-task-step 2.40
workflow-job 2.41
workflow-multibranch 2.26
workflow-scm-step 2.13
workflow-step-api 2.24
workflow-support 3.8
ws-cleanup 0.39
xvnc 1.25

Bundled plugins:

All requested plugins:
bootstrap4-api 4.6.0-3
bootstrap5-api 5.1.1-1
caffeine-api 2.9.2-29.v717aac953ff3
checks-api 1.7.2
display-url-api 2.3.5
echarts-api 5.2.1-2
font-awesome-api 5.15.4-1
jackson2-api 2.13.0-226.v0c5dd2d2fd2a
jquery3-api 3.6.0-2
junit 1.53
matrix-project 1.19
plugin-util-api 2.5.0
popper-api 1.16.1-2
popper2-api 2.10.2-1
scm-api 2.6.5
script-security 1.78
snakeyaml-api 1.29.1
structs 1.23
workflow-api 2.46
workflow-step-api 2.24
workflow-support 3.8
zentimestamp 4.2

Plugins that will be downloaded:
zentimestamp 4.2

Resulting plugin list:
ace-editor 1.1
analysis-model-api 10.3.1
ant 1.12
antisamy-markup-formatter 2.1
apache-httpcomponents-client-4-api 4.5.13-1.0
authentication-tokens 1.4
authorize-project 1.4.0
bootstrap4-api 4.6.0-3
bootstrap5-api 5.1.1-1
bouncycastle-api 2.25
branch-api 2.7.0
build-timeout 1.20
caffeine-api 2.9.2-29.v717aac953ff3
checks-api 1.7.2
cloudbees-folder 6.16
command-launcher 1.6
conditional-buildstep 1.4.1
config-file-provider 3.8.1
configuration-as-code 1.54
credentials 2.6.1
credentials-binding 1.27
data-tables-api 1.11.2-1
display-url-api 2.3.5
durable-task 1.39
echarts-api 5.2.1-2
email-ext 2.83
extended-read-permission 3.2
external-monitor-job 1.7
extra-columns 1.24
font-awesome-api 5.15.4-1
forensics-api 1.4.0
gerrit-trigger 2.35.2
ghprb 1.42.2
git 4.8.3
git-client 3.10.0
git-parameter 0.9.13
git-server 1.10
github 1.34.1
github-api 1.133
github-branch-source 2.11.3
gitlab-api 1.0.6
gitlab-branch-source 1.5.9
gitlab-plugin 1.5.13
greenballs 1.15.1
h2-api 1.4.199
handlebars 3.0.8
handy-uri-templates-2-api 2.1.8-1.0
jackson2-api 2.13.0-226.v0c5dd2d2fd2a
javadoc 1.6
jdk-tool 1.5
jjwt-api 0.11.2-9.c8b45b8bb173
jobConfigHistory 2.28.1
jquery 1.12.4-1
jquery3-api 3.6.0-2
jsch 0.1.55.2
junit 1.53
kubernetes 1.30.2
kubernetes-client-api 5.4.1
kubernetes-credentials 0.9.0
ldap 2.7
lockable-resources 2.11
mailer 1.34
matrix-auth 2.6.8
matrix-project 1.19
maven-plugin 3.13
metrics 4.0.2.8
momentjs 1.1.1
okhttp-api 3.14.9
pam-auth 1.6
parameterized-trigger 2.41
pipeline-build-step 2.15
pipeline-graph-analysis 1.11
pipeline-input-step 2.12
pipeline-maven 3.10.0
pipeline-milestone-step 1.3.2
pipeline-model-api 1.9.2
pipeline-model-definition 1.9.2
pipeline-model-extensions 1.9.2
pipeline-rest-api 2.19
pipeline-stage-step 2.5
pipeline-stage-tags-metadata 1.9.2
pipeline-stage-view 2.19
plain-credentials 1.7
plugin-util-api 2.5.0
popper-api 1.16.1-2
popper2-api 2.10.2-1
promoted-builds 3.10
rebuild 1.32
resource-disposer 0.16
run-condition 1.5
scm-api 2.6.5
script-security 1.78
simple-theme-plugin 0.7
snakeyaml-api 1.29.1
sonar 2.13.1
ssh-agent 1.23
ssh-credentials 1.19
ssh-slaves 1.33.0
sshd 3.1.0
structs 1.23
timestamper 1.13
token-macro 266.v44a80cf277fd
trilead-api 1.0.13
variant 1.4
warnings-ng 9.5.0
workflow-aggregator 2.6
workflow-api 2.46
workflow-basic-steps 2.24
workflow-cps 2.94
workflow-cps-global-lib 2.21
workflow-durable-task-step 2.40
workflow-job 2.41
workflow-multibranch 2.26
workflow-scm-step 2.13
workflow-step-api 2.24
workflow-support 3.8
ws-cleanup 0.39
xvnc 1.25
zentimestamp 4.2

Security warnings:
Done
