
Installed plugins:
ace-editor 1.1
analysis-model-api 10.10.0
ant 1.13
antisamy-markup-formatter 2.7
apache-httpcomponents-client-4-api 4.5.13-1.0
authentication-tokens 1.4
authorize-project 1.4.0
bootstrap4-api 4.6.0-3
bootstrap5-api 5.1.3-6
bouncycastle-api 2.25
branch-api 2.1044.v2c007e51b_87f
build-timeout 1.20
caffeine-api 2.9.2-29.v717aac953ff3
checks-api 1.7.2
cloudbees-folder 6.714.v79e858ef76a_2
command-launcher 1.6
config-file-provider 3.9.0
configuration-as-code 1414.v878271fc496f
credentials 1087.1089.v2f1b_9a_b_040e4
credentials-binding 1.27.1
data-tables-api 1.11.4-4
display-url-api 2.3.5
durable-task 495.v29cd95ec10f2
echarts-api 5.3.2-1
email-ext 2.87
extended-read-permission 3.2
external-monitor-job 191.v363d0d1efdf8
extra-columns 1.25
font-awesome-api 6.0.0-1
forensics-api 1.12.0
gerrit-trigger 2.35.3
ghprb 1.42.2
git 4.11.0
git-client 3.11.0
git-parameter 0.9.16
git-server 1.10
github 1.34.3
github-api 1.303-400.v35c2d8258028
github-branch-source 2.11.4
gitlab-api 5.0.1-69.vcdc19e779072
gitlab-branch-source 623.vcc98dc4b_0ce4
gitlab-plugin 1.5.13
greenballs 1.15.1
h2-api 1.4.199
handlebars 3.0.8
handy-uri-templates-2-api 2.1.8-22.v77d5b_75e6953
jackson2-api 2.13.2.20220328-273.v11d70a_b_a_1a_52
javax-activation-api 1.2.0-2
javax-mail-api 1.6.2-5
jdk-tool 1.5
jersey2-api 2.35-7
jjwt-api 0.11.2-9.c8b45b8bb173
jnr-posix-api 3.1.7-3
jobConfigHistory 2.31-rc1107.2354f08725a_8
jquery 1.12.4-1
jquery3-api 3.6.0-2
jsch 0.1.55.2
junit 1.54
kubernetes 3580.v78271e5631dc
kubernetes-client-api 5.12.1-187.v577c3e368fb_6
kubernetes-credentials 0.9.0
ldap 2.8
lockable-resources 2.14
mailer 408.vd726a_1130320
matrix-auth 3.1
matrix-project 758.v7a_ea_491852f3
metrics 4.1.6.1
momentjs 1.1.1
okhttp-api 4.9.3-105.vb96869f8ac3a
pam-auth 1.7
parameterized-trigger 2.44
pipeline-build-step 2.17
pipeline-graph-analysis 188.v3a01e7973f2c
pipeline-input-step 447.v95e5a_6e3502a_
pipeline-maven 3.10.0
pipeline-milestone-step 100.v60a_03cd446e1
pipeline-model-api 1.9.3
pipeline-model-definition 1.9.3
pipeline-model-extensions 1.9.3
pipeline-rest-api 2.23
pipeline-stage-step 291.vf0a8a7aeeb50
pipeline-stage-tags-metadata 1.9.3
pipeline-stage-view 2.23
plain-credentials 1.8
plugin-util-api 2.16.0
popper-api 1.16.1-2
popper2-api 2.11.5-1
prism-api 1.26.0-2
promoted-builds 876.v99d29788b_36b_
rebuild 1.33.1
resource-disposer 0.18
scm-api 602.v6a_81757a_31d2
script-security 1138.v8e727069a_025
simple-theme-plugin 103.va_161d09c38c7
snakeyaml-api 1.30.1
sonar 2.14
ssh-agent 1.24.1
ssh-credentials 1.19
ssh-slaves 1.806.v2253cedd3295
sshd 3.228.v4c9f9e652c86
structs 308.v852b473a2b8c
timestamper 1.17
token-macro 285.vff7645a_56ff0
trilead-api 1.57.v6e90e07157e1
variant 1.4
warnings-ng 9.12.0
workflow-aggregator 2.7
workflow-api 1143.v2d42f1e9dea_5
workflow-basic-steps 2.24
workflow-cps 2660.vb_c0412dc4e6d
workflow-cps-global-lib 570.v21311f4951f8
workflow-durable-task-step 1128.v8c259d125340
workflow-job 1145.v7f2433caa07f
workflow-multibranch 711.vdfef37cda_816
workflow-scm-step 2.13
workflow-step-api 622.vb_8e7c15b_c95a_
workflow-support 813.vb_d7c3d2984a_0
ws-cleanup 0.41
xvnc 1.28

Bundled plugins:

All requested plugins:
ace-editor 1.1
apache-httpcomponents-client-4-api 4.5.13-1.0
authentication-tokens 1.4
bootstrap4-api 4.6.0-3
bootstrap5-api 5.1.3-6
branch-api 2.1045.v4ec3ed07b_e4f
caffeine-api 2.9.2-29.v717aac953ff3
checks-api 1.7.2
cloudbees-folder 6.714.v79e858ef76a_2
cmakebuilder 4.1.1
credentials 1087.1089.v2f1b_9a_b_040e4
credentials-binding 523.vd859a_4b_122e6
display-url-api 2.3.5
echarts-api 5.3.2-1
envinject 2.4.0
envinject-api 1.8
font-awesome-api 6.0.0-1
gerrit-code-review 0.4.7
git 4.11.0
git-client 3.11.0
jackson2-api 2.13.2.20220328-273.v11d70a_b_a_1a_52
javax-activation-api 1.2.0-2
javax-mail-api 1.6.2-5
jquery3-api 3.6.0-2
jsch 0.1.55.2
junit 1.54
mailer 408.vd726a_1130320
matrix-project 758.v7a_ea_491852f3
plain-credentials 1.8
plugin-util-api 2.16.0
popper-api 1.16.1-2
popper2-api 2.11.5-1
scm-api 602.v6a_81757a_31d2
script-security 1138.v8e727069a_025
snakeyaml-api 1.30.1
ssh-credentials 1.19
structs 308.v852b473a2b8c
trilead-api 1.57.v6e90e07157e1
workflow-api 1144.v61c3180fa_03f
workflow-cps 2660.vb_c0412dc4e6d
workflow-job 1145.v7f2433caa07f
workflow-multibranch 712.vc169a_1387405
workflow-scm-step 2.13
workflow-step-api 625.vd896b_f445a_f8
workflow-support 813.vb_d7c3d2984a_0

Plugins that will be downloaded:
branch-api 2.1045.v4ec3ed07b_e4f
cmakebuilder 4.1.1
credentials-binding 523.vd859a_4b_122e6
envinject 2.4.0
envinject-api 1.8
gerrit-code-review 0.4.7
workflow-api 1144.v61c3180fa_03f
workflow-multibranch 712.vc169a_1387405
workflow-step-api 625.vd896b_f445a_f8

Resulting plugin list:
ace-editor 1.1
analysis-model-api 10.10.0
ant 1.13
antisamy-markup-formatter 2.7
apache-httpcomponents-client-4-api 4.5.13-1.0
authentication-tokens 1.4
authorize-project 1.4.0
bootstrap4-api 4.6.0-3
bootstrap5-api 5.1.3-6
bouncycastle-api 2.25
branch-api 2.1045.v4ec3ed07b_e4f
build-timeout 1.20
caffeine-api 2.9.2-29.v717aac953ff3
checks-api 1.7.2
cloudbees-folder 6.714.v79e858ef76a_2
cmakebuilder 4.1.1
command-launcher 1.6
config-file-provider 3.9.0
configuration-as-code 1414.v878271fc496f
credentials 1087.1089.v2f1b_9a_b_040e4
credentials-binding 523.vd859a_4b_122e6
data-tables-api 1.11.4-4
display-url-api 2.3.5
durable-task 495.v29cd95ec10f2
echarts-api 5.3.2-1
email-ext 2.87
envinject 2.4.0
envinject-api 1.8
extended-read-permission 3.2
external-monitor-job 191.v363d0d1efdf8
extra-columns 1.25
font-awesome-api 6.0.0-1
forensics-api 1.12.0
gerrit-code-review 0.4.7
gerrit-trigger 2.35.3
ghprb 1.42.2
git 4.11.0
git-client 3.11.0
git-parameter 0.9.16
git-server 1.10
github 1.34.3
github-api 1.303-400.v35c2d8258028
github-branch-source 2.11.4
gitlab-api 5.0.1-69.vcdc19e779072
gitlab-branch-source 623.vcc98dc4b_0ce4
gitlab-plugin 1.5.13
greenballs 1.15.1
h2-api 1.4.199
handlebars 3.0.8
handy-uri-templates-2-api 2.1.8-22.v77d5b_75e6953
jackson2-api 2.13.2.20220328-273.v11d70a_b_a_1a_52
javax-activation-api 1.2.0-2
javax-mail-api 1.6.2-5
jdk-tool 1.5
jersey2-api 2.35-7
jjwt-api 0.11.2-9.c8b45b8bb173
jnr-posix-api 3.1.7-3
jobConfigHistory 2.31-rc1107.2354f08725a_8
jquery 1.12.4-1
jquery3-api 3.6.0-2
jsch 0.1.55.2
junit 1.54
kubernetes 3580.v78271e5631dc
kubernetes-client-api 5.12.1-187.v577c3e368fb_6
kubernetes-credentials 0.9.0
ldap 2.8
lockable-resources 2.14
mailer 408.vd726a_1130320
matrix-auth 3.1
matrix-project 758.v7a_ea_491852f3
metrics 4.1.6.1
momentjs 1.1.1
okhttp-api 4.9.3-105.vb96869f8ac3a
pam-auth 1.7
parameterized-trigger 2.44
pipeline-build-step 2.17
pipeline-graph-analysis 188.v3a01e7973f2c
pipeline-input-step 447.v95e5a_6e3502a_
pipeline-maven 3.10.0
pipeline-milestone-step 100.v60a_03cd446e1
pipeline-model-api 1.9.3
pipeline-model-definition 1.9.3
pipeline-model-extensions 1.9.3
pipeline-rest-api 2.23
pipeline-stage-step 291.vf0a8a7aeeb50
pipeline-stage-tags-metadata 1.9.3
pipeline-stage-view 2.23
plain-credentials 1.8
plugin-util-api 2.16.0
popper-api 1.16.1-2
popper2-api 2.11.5-1
prism-api 1.26.0-2
promoted-builds 876.v99d29788b_36b_
rebuild 1.33.1
resource-disposer 0.18
scm-api 602.v6a_81757a_31d2
script-security 1138.v8e727069a_025
simple-theme-plugin 103.va_161d09c38c7
snakeyaml-api 1.30.1
sonar 2.14
ssh-agent 1.24.1
ssh-credentials 1.19
ssh-slaves 1.806.v2253cedd3295
sshd 3.228.v4c9f9e652c86
structs 308.v852b473a2b8c
timestamper 1.17
token-macro 285.vff7645a_56ff0
trilead-api 1.57.v6e90e07157e1
variant 1.4
warnings-ng 9.12.0
workflow-aggregator 2.7
workflow-api 1144.v61c3180fa_03f
workflow-basic-steps 2.24
workflow-cps 2660.vb_c0412dc4e6d
workflow-cps-global-lib 570.v21311f4951f8
workflow-durable-task-step 1128.v8c259d125340
workflow-job 1145.v7f2433caa07f
workflow-multibranch 712.vc169a_1387405
workflow-scm-step 2.13
workflow-step-api 625.vd896b_f445a_f8
workflow-support 813.vb_d7c3d2984a_0
ws-cleanup 0.41
xvnc 1.28

Security warnings:
Done
