
Installed plugins:
ace-editor 1.1
analysis-model-api 10.9.4
ant 1.13
antisamy-markup-formatter 2.7
apache-httpcomponents-client-4-api 4.5.13-1.0
authentication-tokens 1.4
authorize-project 1.4.0
bootstrap4-api 4.6.0-3
bootstrap5-api 5.1.3-6
bouncycastle-api 2.25
branch-api 2.7.0
build-timeout 1.20
caffeine-api 2.9.2-29.v717aac953ff3
checks-api 1.7.2
cloudbees-folder 6.714.v79e858ef76a_2
command-launcher 1.6
config-file-provider 3.9.0
configuration-as-code 1414.v878271fc496f
credentials 1074.v60e6c29b_b_44b_
credentials-binding 1.27.1
data-tables-api 1.11.4-4
display-url-api 2.3.6
durable-task 495.v29cd95ec10f2
echarts-api 5.3.0-2
email-ext 2.87
extended-read-permission 3.2
external-monitor-job 191.v363d0d1efdf8
extra-columns 1.25
font-awesome-api 6.0.0-1
forensics-api 1.12.0
gerrit-trigger 2.35.2
ghprb 1.42.2
git 4.10.3
git-client 3.11.0
git-parameter 0.9.15
git-server 1.10
github 1.34.3
github-api 1.301-378.v9807bd746da5
github-branch-source 1583.v18d333ef7379
gitlab-api 1.0.6
gitlab-branch-source 1.5.9
gitlab-plugin 1.5.13
greenballs 1.15.1
h2-api 1.4.199
handlebars 3.0.8
handy-uri-templates-2-api 2.1.8-1.0
jackson2-api 2.13.2-260.v43d711474c77
javax-activation-api 1.2.0-2
javax-mail-api 1.6.2-5
jdk-tool 1.5
jjwt-api 0.11.2-9.c8b45b8bb173
jnr-posix-api 3.1.7-3
jobConfigHistory 1119.v509e1017356b_
jquery 1.12.4-1
jquery3-api 3.6.0-2
jsch 0.1.55.2
junit 1.56
kubernetes 3568.vde94f6b_41b_c8
kubernetes-client-api 5.12.1-187.v577c3e368fb_6
kubernetes-credentials 0.9.0
ldap 2.8
lockable-resources 2.14
mailer 408.vd726a_1130320
matrix-auth 3.1
matrix-project 758.v7a_ea_491852f3
metrics 4.1.6.1
momentjs 1.1.1
okhttp-api 4.9.3-105.vb96869f8ac3a
pam-auth 1.7
parameterized-trigger 2.44
pipeline-build-step 2.16
pipeline-graph-analysis 188.v3a01e7973f2c
pipeline-input-step 446.vf27b_0b_83500e
pipeline-maven 3.10.0
pipeline-milestone-step 100.v60a_03cd446e1
pipeline-model-api 2.2064.v5eef7d0982b_e
pipeline-model-definition 2.2064.v5eef7d0982b_e
pipeline-model-extensions 2.2064.v5eef7d0982b_e
pipeline-rest-api 2.23
pipeline-stage-step 291.vf0a8a7aeeb50
pipeline-stage-tags-metadata 2.2064.v5eef7d0982b_e
pipeline-stage-view 2.23
plain-credentials 1.8
plugin-util-api 2.15.0
popper-api 1.16.1-2
popper2-api 2.11.4-1
prism-api 1.26.0-2
promoted-builds 873.v6149db_d64130
rebuild 1.33
resource-disposer 0.17
scm-api 595.vd5a_df5eb_0e39
script-security 1145.vb_cf6cf6ed960
simple-theme-plugin 103.va_161d09c38c7
snakeyaml-api 1.29.1
sonar 2.14
ssh-agent 1.24.1
ssh-credentials 1.19
ssh-slaves 1.806.v2253cedd3295
sshd 3.1.0
structs 308.v852b473a2b8c
timestamper 1.17
token-macro 280.v97a_82642793c
trilead-api 1.0.13
variant 1.4
warnings-ng 9.11.1
workflow-aggregator 2.7
workflow-api 1143.v2d42f1e9dea_5
workflow-basic-steps 941.vdfe1b_a_132c64
workflow-cps 2682.va_473dcddc941
workflow-cps-global-lib 564.ve62a_4eb_b_e039
workflow-durable-task-step 1128.v8c259d125340
workflow-job 1174.vdcb_d054cf74a_
workflow-multibranch 711.vdfef37cda_816
workflow-scm-step 2.13
workflow-step-api 622.vb_8e7c15b_c95a_
workflow-support 815.vd60466279fc8
ws-cleanup 0.40
xvnc 1.28

Bundled plugins:

All requested plugins:
ace-editor 1.1
apache-httpcomponents-client-4-api 4.5.13-1.0
basic-branch-build-strategies 1.3.2
bootstrap4-api 4.6.0-3
bootstrap5-api 5.1.3-6
branch-api 2.7.0
caffeine-api 2.9.2-29.v717aac953ff3
checks-api 1.7.2
cloudbees-disk-usage-simple 0.10
cloudbees-folder 6.714.v79e858ef76a_2
cloudbees-jenkins-advisor 3.3.2
credentials 1074.v60e6c29b_b_44b_
display-url-api 2.3.6
durable-task 495.v29cd95ec10f2
echarts-api 5.3.0-2
embeddable-build-status 2.0.3
extended-read-permission 3.2
favorite 2.4.1
font-awesome-api 6.0.0-1
gradle 1.38
handy-uri-templates-2-api 2.1.8-1.0
htmlpublisher 1.29
jackson2-api 2.13.2-260.v43d711474c77
javadoc 217.v905b_86277a_2a_
javax-activation-api 1.2.0-2
javax-mail-api 1.6.2-5
jenkins-design-language 1.25.3
jquery3-api 3.6.0-2
jsch 0.1.55.2
junit 1.56
mail-watcher-plugin 1.16
mailer 408.vd726a_1130320
mask-passwords 3.0
matrix-project 758.v7a_ea_491852f3
maven-plugin 3.18
metrics 4.1.6.1
pipeline-graph-analysis 188.v3a01e7973f2c
pipeline-input-step 446.vf27b_0b_83500e
pipeline-rest-api 2.23
pipeline-stage-step 291.vf0a8a7aeeb50
plain-credentials 1.8
plugin-util-api 2.15.0
popper-api 1.16.1-2
popper2-api 2.11.4-1
prometheus 2.0.11
pubsub-light 1.16
scm-api 595.vd5a_df5eb_0e39
script-security 1145.vb_cf6cf6ed960
slack 608.v19e3b_44b_b_9ff
snakeyaml-api 1.29.1
sse-gateway 1.25
ssh-credentials 1.19
structs 308.v852b473a2b8c
support-core 1140.vb_b_3b_7d866b_a_8
token-macro 280.v97a_82642793c
trilead-api 1.0.13
variant 1.4
workflow-api 1143.v2d42f1e9dea_5
workflow-basic-steps 941.vdfe1b_a_132c64
workflow-cps 2682.va_473dcddc941
workflow-durable-task-step 1128.v8c259d125340
workflow-job 1174.vdcb_d054cf74a_
workflow-scm-step 2.13
workflow-step-api 622.vb_8e7c15b_c95a_
workflow-support 815.vd60466279fc8

Plugins that will be downloaded:
basic-branch-build-strategies 1.3.2
cloudbees-disk-usage-simple 0.10
cloudbees-jenkins-advisor 3.3.2
embeddable-build-status 2.0.3
favorite 2.4.1
gradle 1.38
htmlpublisher 1.29
javadoc 217.v905b_86277a_2a_
jenkins-design-language 1.25.3
mail-watcher-plugin 1.16
mask-passwords 3.0
maven-plugin 3.18
prometheus 2.0.11
pubsub-light 1.16
slack 608.v19e3b_44b_b_9ff
sse-gateway 1.25
support-core 1140.vb_b_3b_7d866b_a_8

Resulting plugin list:
ace-editor 1.1
analysis-model-api 10.9.4
ant 1.13
antisamy-markup-formatter 2.7
apache-httpcomponents-client-4-api 4.5.13-1.0
authentication-tokens 1.4
authorize-project 1.4.0
basic-branch-build-strategies 1.3.2
bootstrap4-api 4.6.0-3
bootstrap5-api 5.1.3-6
bouncycastle-api 2.25
branch-api 2.7.0
build-timeout 1.20
caffeine-api 2.9.2-29.v717aac953ff3
checks-api 1.7.2
cloudbees-disk-usage-simple 0.10
cloudbees-folder 6.714.v79e858ef76a_2
cloudbees-jenkins-advisor 3.3.2
command-launcher 1.6
config-file-provider 3.9.0
configuration-as-code 1414.v878271fc496f
credentials 1074.v60e6c29b_b_44b_
credentials-binding 1.27.1
data-tables-api 1.11.4-4
display-url-api 2.3.6
durable-task 495.v29cd95ec10f2
echarts-api 5.3.0-2
email-ext 2.87
embeddable-build-status 2.0.3
extended-read-permission 3.2
external-monitor-job 191.v363d0d1efdf8
extra-columns 1.25
favorite 2.4.1
font-awesome-api 6.0.0-1
forensics-api 1.12.0
gerrit-trigger 2.35.2
ghprb 1.42.2
git 4.10.3
git-client 3.11.0
git-parameter 0.9.15
git-server 1.10
github 1.34.3
github-api 1.301-378.v9807bd746da5
github-branch-source 1583.v18d333ef7379
gitlab-api 1.0.6
gitlab-branch-source 1.5.9
gitlab-plugin 1.5.13
gradle 1.38
greenballs 1.15.1
h2-api 1.4.199
handlebars 3.0.8
handy-uri-templates-2-api 2.1.8-1.0
htmlpublisher 1.29
jackson2-api 2.13.2-260.v43d711474c77
javadoc 217.v905b_86277a_2a_
javax-activation-api 1.2.0-2
javax-mail-api 1.6.2-5
jdk-tool 1.5
jenkins-design-language 1.25.3
jjwt-api 0.11.2-9.c8b45b8bb173
jnr-posix-api 3.1.7-3
jobConfigHistory 1119.v509e1017356b_
jquery 1.12.4-1
jquery3-api 3.6.0-2
jsch 0.1.55.2
junit 1.56
kubernetes 3568.vde94f6b_41b_c8
kubernetes-client-api 5.12.1-187.v577c3e368fb_6
kubernetes-credentials 0.9.0
ldap 2.8
lockable-resources 2.14
mail-watcher-plugin 1.16
mailer 408.vd726a_1130320
mask-passwords 3.0
matrix-auth 3.1
matrix-project 758.v7a_ea_491852f3
maven-plugin 3.18
metrics 4.1.6.1
momentjs 1.1.1
okhttp-api 4.9.3-105.vb96869f8ac3a
pam-auth 1.7
parameterized-trigger 2.44
pipeline-build-step 2.16
pipeline-graph-analysis 188.v3a01e7973f2c
pipeline-input-step 446.vf27b_0b_83500e
pipeline-maven 3.10.0
pipeline-milestone-step 100.v60a_03cd446e1
pipeline-model-api 2.2064.v5eef7d0982b_e
pipeline-model-definition 2.2064.v5eef7d0982b_e
pipeline-model-extensions 2.2064.v5eef7d0982b_e
pipeline-rest-api 2.23
pipeline-stage-step 291.vf0a8a7aeeb50
pipeline-stage-tags-metadata 2.2064.v5eef7d0982b_e
pipeline-stage-view 2.23
plain-credentials 1.8
plugin-util-api 2.15.0
popper-api 1.16.1-2
popper2-api 2.11.4-1
prism-api 1.26.0-2
prometheus 2.0.11
promoted-builds 873.v6149db_d64130
pubsub-light 1.16
rebuild 1.33
resource-disposer 0.17
scm-api 595.vd5a_df5eb_0e39
script-security 1145.vb_cf6cf6ed960
simple-theme-plugin 103.va_161d09c38c7
slack 608.v19e3b_44b_b_9ff
snakeyaml-api 1.29.1
sonar 2.14
sse-gateway 1.25
ssh-agent 1.24.1
ssh-credentials 1.19
ssh-slaves 1.806.v2253cedd3295
sshd 3.1.0
structs 308.v852b473a2b8c
support-core 1140.vb_b_3b_7d866b_a_8
timestamper 1.17
token-macro 280.v97a_82642793c
trilead-api 1.0.13
variant 1.4
warnings-ng 9.11.1
workflow-aggregator 2.7
workflow-api 1143.v2d42f1e9dea_5
workflow-basic-steps 941.vdfe1b_a_132c64
workflow-cps 2682.va_473dcddc941
workflow-cps-global-lib 564.ve62a_4eb_b_e039
workflow-durable-task-step 1128.v8c259d125340
workflow-job 1174.vdcb_d054cf74a_
workflow-multibranch 711.vdfef37cda_816
workflow-scm-step 2.13
workflow-step-api 622.vb_8e7c15b_c95a_
workflow-support 815.vd60466279fc8
ws-cleanup 0.40
xvnc 1.28

Security warnings:
Done
