
Installed plugins:
ace-editor 1.1
analysis-model-api 10.9.4
ant 1.13
antisamy-markup-formatter 2.7
apache-httpcomponents-client-4-api 4.5.13-1.0
authentication-tokens 1.4
authorize-project 1.4.0
bootstrap4-api 4.6.0-3
bootstrap5-api 5.1.3-6
bouncycastle-api 2.25
branch-api 2.7.0
build-timeout 1.20
caffeine-api 2.9.2-29.v717aac953ff3
checks-api 1.7.2
cloudbees-folder 6.708.ve61636eb_65a_5
command-launcher 1.6
config-file-provider 3.9.0
configuration-as-code 1414.v878271fc496f
credentials 1074.v60e6c29b_b_44b_
credentials-binding 1.27.1
data-tables-api 1.11.4-4
display-url-api 2.3.5
durable-task 493.v195aefbb0ff2
echarts-api 5.3.0-2
email-ext 2.87
extended-read-permission 3.2
external-monitor-job 191.v363d0d1efdf8
extra-columns 1.25
font-awesome-api 6.0.0-1
forensics-api 1.12.0
gerrit-trigger 2.35.2
ghprb 1.42.2
git 4.10.3
git-client 3.11.0
git-parameter 0.9.15
git-server 1.10
github 1.34.3
github-api 1.301-378.v9807bd746da5
github-branch-source 2.11.4
gitlab-api 1.0.6
gitlab-branch-source 1.5.9
gitlab-plugin 1.5.13
greenballs 1.15.1
h2-api 1.4.199
handlebars 3.0.8
handy-uri-templates-2-api 2.1.8-1.0
jackson2-api 2.13.2-260.v43d711474c77
javax-activation-api 1.2.0-2
javax-mail-api 1.6.2-5
jdk-tool 1.5
jjwt-api 0.11.2-9.c8b45b8bb173
jnr-posix-api 3.1.7-3
jobConfigHistory 2.31-rc1107.2354f08725a_8
jquery 1.12.4-1
jquery3-api 3.6.0-2
jsch 0.1.55.2
junit 1.54
kubernetes 3568.vde94f6b_41b_c8
kubernetes-client-api 5.12.1-187.v577c3e368fb_6
kubernetes-credentials 0.9.0
ldap 2.8
lockable-resources 2.14
mailer 408.vd726a_1130320
matrix-auth 3.1
matrix-project 758.v7a_ea_491852f3
metrics 4.1.6.1
momentjs 1.1.1
okhttp-api 4.9.3-105.vb96869f8ac3a
pam-auth 1.7
parameterized-trigger 2.44
pipeline-build-step 2.16
pipeline-graph-analysis 188.v3a01e7973f2c
pipeline-input-step 446.vf27b_0b_83500e
pipeline-maven 3.10.0
pipeline-milestone-step 100.v60a_03cd446e1
pipeline-model-api 1.9.3
pipeline-model-definition 1.9.3
pipeline-model-extensions 1.9.3
pipeline-rest-api 2.23
pipeline-stage-step 291.vf0a8a7aeeb50
pipeline-stage-tags-metadata 1.9.3
pipeline-stage-view 2.23
plain-credentials 1.8
plugin-util-api 2.15.0
popper-api 1.16.1-2
popper2-api 2.11.4-1
prism-api 1.26.0-2
promoted-builds 873.v6149db_d64130
rebuild 1.33
resource-disposer 0.17
scm-api 595.vd5a_df5eb_0e39
script-security 1138.v8e727069a_025
simple-theme-plugin 103.va_161d09c38c7
snakeyaml-api 1.29.1
sonar 2.14
ssh-agent 1.24.1
ssh-credentials 1.19
ssh-slaves 1.806.v2253cedd3295
sshd 3.1.0
structs 308.v852b473a2b8c
timestamper 1.17
token-macro 280.v97a_82642793c
trilead-api 1.0.13
variant 1.4
warnings-ng 9.11.1
workflow-aggregator 2.7
workflow-api 1143.v2d42f1e9dea_5
workflow-basic-steps 2.24
workflow-cps 2660.vb_c0412dc4e6d
workflow-cps-global-lib 564.ve62a_4eb_b_e039
workflow-durable-task-step 1121.va_65b_d2701486
workflow-job 1145.v7f2433caa07f
workflow-multibranch 711.vdfef37cda_816
workflow-scm-step 2.13
workflow-step-api 622.vb_8e7c15b_c95a_
workflow-support 813.vb_d7c3d2984a_0
ws-cleanup 0.40
xvnc 1.28

Bundled plugins:

All requested plugins:
ace-editor 1.1
apache-httpcomponents-client-4-api 4.5.13-1.0
authentication-tokens 1.4
bootstrap4-api 4.6.0-3
bootstrap5-api 5.1.3-6
branch-api 2.7.0
caffeine-api 2.9.2-29.v717aac953ff3
checks-api 1.7.2
cloudbees-folder 6.708.ve61636eb_65a_5
credentials 1074.v60e6c29b_b_44b_
credentials-binding 1.27.1
display-url-api 2.3.5
echarts-api 5.3.0-2
font-awesome-api 6.0.0-1
gerrit-code-review 0.4.7
git 4.10.3
git-client 3.11.0
jackson2-api 2.13.2-260.v43d711474c77
javax-activation-api 1.2.0-2
javax-mail-api 1.6.2-5
jquery3-api 3.6.0-2
jsch 0.1.55.2
junit 1.54
mailer 408.vd726a_1130320
matrix-project 758.v7a_ea_491852f3
plain-credentials 1.8
plugin-util-api 2.15.0
popper-api 1.16.1-2
popper2-api 2.11.4-1
scm-api 595.vd5a_df5eb_0e39
script-security 1138.v8e727069a_025
snakeyaml-api 1.29.1
ssh-credentials 1.19
structs 308.v852b473a2b8c
trilead-api 1.0.13
workflow-api 1143.v2d42f1e9dea_5
workflow-cps 2660.vb_c0412dc4e6d
workflow-job 1145.v7f2433caa07f
workflow-multibranch 711.vdfef37cda_816
workflow-scm-step 2.13
workflow-step-api 622.vb_8e7c15b_c95a_
workflow-support 813.vb_d7c3d2984a_0

Plugins that will be downloaded:
gerrit-code-review 0.4.7

Resulting plugin list:
ace-editor 1.1
analysis-model-api 10.9.4
ant 1.13
antisamy-markup-formatter 2.7
apache-httpcomponents-client-4-api 4.5.13-1.0
authentication-tokens 1.4
authorize-project 1.4.0
bootstrap4-api 4.6.0-3
bootstrap5-api 5.1.3-6
bouncycastle-api 2.25
branch-api 2.7.0
build-timeout 1.20
caffeine-api 2.9.2-29.v717aac953ff3
checks-api 1.7.2
cloudbees-folder 6.708.ve61636eb_65a_5
command-launcher 1.6
config-file-provider 3.9.0
configuration-as-code 1414.v878271fc496f
credentials 1074.v60e6c29b_b_44b_
credentials-binding 1.27.1
data-tables-api 1.11.4-4
display-url-api 2.3.5
durable-task 493.v195aefbb0ff2
echarts-api 5.3.0-2
email-ext 2.87
extended-read-permission 3.2
external-monitor-job 191.v363d0d1efdf8
extra-columns 1.25
font-awesome-api 6.0.0-1
forensics-api 1.12.0
gerrit-code-review 0.4.7
gerrit-trigger 2.35.2
ghprb 1.42.2
git 4.10.3
git-client 3.11.0
git-parameter 0.9.15
git-server 1.10
github 1.34.3
github-api 1.301-378.v9807bd746da5
github-branch-source 2.11.4
gitlab-api 1.0.6
gitlab-branch-source 1.5.9
gitlab-plugin 1.5.13
greenballs 1.15.1
h2-api 1.4.199
handlebars 3.0.8
handy-uri-templates-2-api 2.1.8-1.0
jackson2-api 2.13.2-260.v43d711474c77
javax-activation-api 1.2.0-2
javax-mail-api 1.6.2-5
jdk-tool 1.5
jjwt-api 0.11.2-9.c8b45b8bb173
jnr-posix-api 3.1.7-3
jobConfigHistory 2.31-rc1107.2354f08725a_8
jquery 1.12.4-1
jquery3-api 3.6.0-2
jsch 0.1.55.2
junit 1.54
kubernetes 3568.vde94f6b_41b_c8
kubernetes-client-api 5.12.1-187.v577c3e368fb_6
kubernetes-credentials 0.9.0
ldap 2.8
lockable-resources 2.14
mailer 408.vd726a_1130320
matrix-auth 3.1
matrix-project 758.v7a_ea_491852f3
metrics 4.1.6.1
momentjs 1.1.1
okhttp-api 4.9.3-105.vb96869f8ac3a
pam-auth 1.7
parameterized-trigger 2.44
pipeline-build-step 2.16
pipeline-graph-analysis 188.v3a01e7973f2c
pipeline-input-step 446.vf27b_0b_83500e
pipeline-maven 3.10.0
pipeline-milestone-step 100.v60a_03cd446e1
pipeline-model-api 1.9.3
pipeline-model-definition 1.9.3
pipeline-model-extensions 1.9.3
pipeline-rest-api 2.23
pipeline-stage-step 291.vf0a8a7aeeb50
pipeline-stage-tags-metadata 1.9.3
pipeline-stage-view 2.23
plain-credentials 1.8
plugin-util-api 2.15.0
popper-api 1.16.1-2
popper2-api 2.11.4-1
prism-api 1.26.0-2
promoted-builds 873.v6149db_d64130
rebuild 1.33
resource-disposer 0.17
scm-api 595.vd5a_df5eb_0e39
script-security 1138.v8e727069a_025
simple-theme-plugin 103.va_161d09c38c7
snakeyaml-api 1.29.1
sonar 2.14
ssh-agent 1.24.1
ssh-credentials 1.19
ssh-slaves 1.806.v2253cedd3295
sshd 3.1.0
structs 308.v852b473a2b8c
timestamper 1.17
token-macro 280.v97a_82642793c
trilead-api 1.0.13
variant 1.4
warnings-ng 9.11.1
workflow-aggregator 2.7
workflow-api 1143.v2d42f1e9dea_5
workflow-basic-steps 2.24
workflow-cps 2660.vb_c0412dc4e6d
workflow-cps-global-lib 564.ve62a_4eb_b_e039
workflow-durable-task-step 1121.va_65b_d2701486
workflow-job 1145.v7f2433caa07f
workflow-multibranch 711.vdfef37cda_816
workflow-scm-step 2.13
workflow-step-api 622.vb_8e7c15b_c95a_
workflow-support 813.vb_d7c3d2984a_0
ws-cleanup 0.40
xvnc 1.28

Security warnings:
Done
